This is pdfTeX, Version 3.141592653-2.6-1.40.25 (MiKTeX 23.12) (preloaded format=pdflatex 2024.1.30)  8 NOV 2024 12:31
entering extended mode
 restricted \write18 enabled.
 %&-line parsing enabled.
**./z-main.tex
(z-main.tex
LaTeX2e <2023-11-01> patch level 1
L3 programming layer <2024-01-04>
(0-datos_estudiante.tex)
(C:\Users\luisg\AppData\Local\Programs\MiKTeX\tex/latex/base\report.cls
Document Class: report 2023/05/17 v1.4n Standard LaTeX document class
(C:\Users\luisg\AppData\Local\Programs\MiKTeX\tex/latex/base\size11.clo
File: size11.clo 2023/05/17 v1.4n Standard LaTeX file (size option)
)
\c@part=\count187
\c@chapter=\count188
\c@section=\count189
\c@subsection=\count190
\c@subsubsection=\count191
\c@paragraph=\count192
\c@subparagraph=\count193
\c@figure=\count194
\c@table=\count195
\abovecaptionskip=\skip48
\belowcaptionskip=\skip49
\bibindent=\dimen140
)
(C:\Users\luisg\AppData\Local\Programs\MiKTeX\tex/generic/babel\babel.sty
Package: babel 2024/01/07 v24.1 The Babel package
\babel@savecnt=\count196
\U@D=\dimen141
\l@unhyphenated=\language79

(C:\Users\luisg\AppData\Local\Programs\MiKTeX\tex/generic/babel\txtbabel.def)
\bbl@readstream=\read2
\bbl@dirlevel=\count197

*************************************
* Local config file bblopts.cfg used
*
(C:\Users\luisg\AppData\Local\Programs\MiKTeX\tex/latex/arabi\bblopts.cfg
File: bblopts.cfg 2005/09/08 v0.1 add Arabic and Farsi to "declared" options of
 babel
)
(C:\Users\luisg\AppData\Local\Programs\MiKTeX\tex/latex/babel-spanish\spanish.l
df
Language: spanish.ldf 2021/05/27 v5.0q Spanish support from the babel system
\es@quottoks=\toks17
\es@quotdepth=\count198
Package babel Info: Making " an active character on input line 570.
))
(C:\Users\luisg\AppData\Local\Programs\MiKTeX\tex/generic/babel/locale/es\babel
-spanish.tex
Package babel Info: Importing font and identification data for spanish
(babel)             from babel-es.ini. Reported on input line 11.
)
LaTeX Info: Redefining \. on input line 16.
LaTeX Info: Redefining \% on input line 16.

(C:\Users\luisg\AppData\Local\Programs\MiKTeX\tex/latex/base\inputenc.sty
Package: inputenc 2021/02/14 v1.3d Input encoding file
\inpenc@prehook=\toks18
\inpenc@posthook=\toks19
)
(C:\Users\luisg\AppData\Local\Programs\MiKTeX\tex/latex/base\fontenc.sty
Package: fontenc 2021/04/29 v2.0v Standard LaTeX package
)
(0-datos_estudiante.tex) (1-opciones_adicionales.tex)
(C:\Users\luisg\AppData\Local\Programs\MiKTeX\tex/latex/xcolor\xcolor.sty
Package: xcolor 2023/11/15 v3.01 LaTeX color extensions (UK)

(C:\Users\luisg\AppData\Local\Programs\MiKTeX\tex/latex/graphics-cfg\color.cfg
File: color.cfg 2016/01/02 v1.6 sample color configuration
)
Package xcolor Info: Driver file: pdftex.def on input line 274.

(C:\Users\luisg\AppData\Local\Programs\MiKTeX\tex/latex/graphics-def\pdftex.def
File: pdftex.def 2022/09/22 v1.2b Graphics/color driver for pdftex
)
(C:\Users\luisg\AppData\Local\Programs\MiKTeX\tex/latex/graphics\mathcolor.ltx)
Package xcolor Info: Model `cmy' substituted by `cmy0' on input line 1350.
Package xcolor Info: Model `hsb' substituted by `rgb' on input line 1354.
Package xcolor Info: Model `RGB' extended on input line 1366.
Package xcolor Info: Model `HTML' substituted by `rgb' on input line 1368.
Package xcolor Info: Model `Hsb' substituted by `hsb' on input line 1369.
Package xcolor Info: Model `tHsb' substituted by `hsb' on input line 1370.
Package xcolor Info: Model `HSB' substituted by `hsb' on input line 1371.
Package xcolor Info: Model `Gray' substituted by `gray' on input line 1372.
Package xcolor Info: Model `wave' substituted by `hsb' on input line 1373.
) (C:\Users\luisg\AppData\Local\Programs\MiKTeX\tex/latex/amsfonts\amsfonts.sty
Package: amsfonts 2013/01/14 v3.01 Basic AMSFonts support
\@emptytoks=\toks20
\symAMSa=\mathgroup4
\symAMSb=\mathgroup5
LaTeX Font Info:    Redeclaring math symbol \hbar on input line 98.
LaTeX Font Info:    Overwriting math alphabet `\mathfrak' in version `bold'
(Font)                  U/euf/m/n --> U/euf/b/n on input line 106.
) (C:\Users\luisg\AppData\Local\Programs\MiKTeX\tex/latex/amsmath\amsmath.sty
Package: amsmath 2023/05/13 v2.17o AMS math features
\@mathmargin=\skip50

For additional information on amsmath, use the `?' option.
(C:\Users\luisg\AppData\Local\Programs\MiKTeX\tex/latex/amsmath\amstext.sty
Package: amstext 2021/08/26 v2.01 AMS text

(C:\Users\luisg\AppData\Local\Programs\MiKTeX\tex/latex/amsmath\amsgen.sty
File: amsgen.sty 1999/11/30 v2.0 generic functions
\@emptytoks=\toks21
\ex@=\dimen142
))
(C:\Users\luisg\AppData\Local\Programs\MiKTeX\tex/latex/amsmath\amsbsy.sty
Package: amsbsy 1999/11/29 v1.2d Bold Symbols
\pmbraise@=\dimen143
)
(C:\Users\luisg\AppData\Local\Programs\MiKTeX\tex/latex/amsmath\amsopn.sty
Package: amsopn 2022/04/08 v2.04 operator names
)
\inf@bad=\count199
LaTeX Info: Redefining \frac on input line 234.
\uproot@=\count266
\leftroot@=\count267
LaTeX Info: Redefining \overline on input line 399.
LaTeX Info: Redefining \colon on input line 410.
\classnum@=\count268
\DOTSCASE@=\count269
LaTeX Info: Redefining \ldots on input line 496.
LaTeX Info: Redefining \dots on input line 499.
LaTeX Info: Redefining \cdots on input line 620.
\Mathstrutbox@=\box51
\strutbox@=\box52
LaTeX Info: Redefining \big on input line 722.
LaTeX Info: Redefining \Big on input line 723.
LaTeX Info: Redefining \bigg on input line 724.
LaTeX Info: Redefining \Bigg on input line 725.
\big@size=\dimen144
LaTeX Font Info:    Redeclaring font encoding OML on input line 743.
LaTeX Font Info:    Redeclaring font encoding OMS on input line 744.
\macc@depth=\count270
LaTeX Info: Redefining \bmod on input line 905.
LaTeX Info: Redefining \pmod on input line 910.
LaTeX Info: Redefining \smash on input line 940.
LaTeX Info: Redefining \relbar on input line 970.
LaTeX Info: Redefining \Relbar on input line 971.
\c@MaxMatrixCols=\count271
\dotsspace@=\muskip16
\c@parentequation=\count272
\dspbrk@lvl=\count273
\tag@help=\toks22
\row@=\count274
\column@=\count275
\maxfields@=\count276
\andhelp@=\toks23
\eqnshift@=\dimen145
\alignsep@=\dimen146
\tagshift@=\dimen147
\tagwidth@=\dimen148
\totwidth@=\dimen149
\lineht@=\dimen150
\@envbody=\toks24
\multlinegap=\skip51
\multlinetaggap=\skip52
\mathdisplay@stack=\toks25
LaTeX Info: Redefining \[ on input line 2953.
LaTeX Info: Redefining \] on input line 2954.
)
(C:\Users\luisg\AppData\Local\Programs\MiKTeX\tex/latex/amsfonts\amssymb.sty
Package: amssymb 2013/01/14 v3.01 AMS font symbols
)
(C:\Users\luisg\AppData\Local\Programs\MiKTeX\tex/latex/amscls\amsthm.sty
Package: amsthm 2020/05/29 v2.20.6
\thm@style=\toks26
\thm@bodyfont=\toks27
\thm@headfont=\toks28
\thm@notefont=\toks29
\thm@headpunct=\toks30
\thm@preskip=\skip53
\thm@postskip=\skip54
\thm@headsep=\skip55
\dth@everypar=\toks31
)
(C:\Users\luisg\AppData\Local\Programs\MiKTeX\tex/latex/mathtools\mathtools.sty
Package: mathtools 2022/06/29 v1.29 mathematical typesetting tools
(C:\Users\luisg\AppData\Local\Programs\MiKTeX\tex/latex/graphics\keyval.sty
Package: keyval 2022/05/29 v1.15 key=value parser (DPC)
\KV@toks@=\toks32
)
(C:\Users\luisg\AppData\Local\Programs\MiKTeX\tex/latex/tools\calc.sty
Package: calc 2023/07/08 v4.3 Infix arithmetic (KKT,FJ)
\calc@Acount=\count277
\calc@Bcount=\count278
\calc@Adimen=\dimen151
\calc@Bdimen=\dimen152
\calc@Askip=\skip56
\calc@Bskip=\skip57
LaTeX Info: Redefining \setlength on input line 80.
LaTeX Info: Redefining \addtolength on input line 81.
\calc@Ccount=\count279
\calc@Cskip=\skip58
)
(C:\Users\luisg\AppData\Local\Programs\MiKTeX\tex/latex/mathtools\mhsetup.sty
Package: mhsetup 2021/03/18 v1.4 programming setup (MH)
)
\g_MT_multlinerow_int=\count280
\l_MT_multwidth_dim=\dimen153
\origjot=\skip59
\l_MT_shortvdotswithinadjustabove_dim=\dimen154
\l_MT_shortvdotswithinadjustbelow_dim=\dimen155
\l_MT_above_intertext_sep=\dimen156
\l_MT_below_intertext_sep=\dimen157
\l_MT_above_shortintertext_sep=\dimen158
\l_MT_below_shortintertext_sep=\dimen159
\xmathstrut@box=\box53
\xmathstrut@dim=\dimen160
) (C:\Users\luisg\AppData\Local\Programs\MiKTeX\tex/latex/graphics\graphicx.sty
Package: graphicx 2021/09/16 v1.2d Enhanced LaTeX Graphics (DPC,SPQR)

(C:\Users\luisg\AppData\Local\Programs\MiKTeX\tex/latex/graphics\graphics.sty
Package: graphics 2022/03/10 v1.4e Standard LaTeX Graphics (DPC,SPQR)

(C:\Users\luisg\AppData\Local\Programs\MiKTeX\tex/latex/graphics\trig.sty
Package: trig 2021/08/11 v1.11 sin cos tan (DPC)
)
(C:\Users\luisg\AppData\Local\Programs\MiKTeX\tex/latex/graphics-cfg\graphics.c
fg
File: graphics.cfg 2016/06/04 v1.11 sample graphics configuration
)
Package graphics Info: Driver file: pdftex.def on input line 107.
)
\Gin@req@height=\dimen161
\Gin@req@width=\dimen162
)
(C:\Users\luisg\AppData\Local\Programs\MiKTeX\tex/latex/l3packages/xfrac\xfrac.
sty (C:\Users\luisg\AppData\Local\Programs\MiKTeX\tex/latex/l3kernel\expl3.sty
Package: expl3 2024-01-04 L3 programming layer (loader) 

(C:\Users\luisg\AppData\Local\Programs\MiKTeX\tex/latex/l3backend\l3backend-pdf
tex.def
File: l3backend-pdftex.def 2024-01-04 L3 backend support: PDF output (pdfTeX)
\l__color_backend_stack_int=\count281
\l__pdf_internal_box=\box54
))
(C:\Users\luisg\AppData\Local\Programs\MiKTeX\tex/latex/l3packages/l3keys2e\l3k
eys2e.sty
Package: l3keys2e 2023-10-10 LaTeX2e option processing using LaTeX3 keys
)
(C:\Users\luisg\AppData\Local\Programs\MiKTeX\tex/latex/base\textcomp.sty
Package: textcomp 2020/02/02 v2.0n Standard LaTeX package
)
(C:\Users\luisg\AppData\Local\Programs\MiKTeX\tex/latex/l3packages/xparse\xpars
e.sty
Package: xparse 2023-10-10 L3 Experimental document command parser
)
(C:\Users\luisg\AppData\Local\Programs\MiKTeX\tex/latex/l3packages/xtemplate\xt
emplate.sty
Package: xtemplate 2023-10-10 L3 Experimental prototype document functions
\l__xtemplate_tmp_dim=\dimen163
\l__xtemplate_tmp_int=\count282
\l__xtemplate_tmp_muskip=\muskip17
\l__xtemplate_tmp_skip=\skip60
)
Package: xfrac 2023-10-10 L3 Experimental split-level fractions
\l__xfrac_slash_box=\box55
\l__xfrac_tmp_box=\box56
\l__xfrac_denominator_bot_sep_dim=\dimen164
\l__xfrac_numerator_bot_sep_dim=\dimen165
\l__xfrac_numerator_top_sep_dim=\dimen166
\l__xfrac_slash_left_sep_dim=\dimen167
\l__xfrac_slash_right_sep_dim=\dimen168
\l__xfrac_slash_left_muskip=\muskip18
\l__xfrac_slash_right_muskip=\muskip19

Package xtemplate Info: Declaring object type 'xfrac' taking 3 argument(s) on
(xtemplate)             line 80.

)
(C:\Users\luisg\AppData\Local\Programs\MiKTeX\tex/latex/float\float.sty
Package: float 2001/11/08 v1.3d Float enhancements (AL)
\c@float@type=\count283
\float@exts=\toks33
\float@box=\box57
\@float@everytoks=\toks34
\@floatcapt=\box58
)
(C:\Users\luisg\AppData\Local\Programs\MiKTeX\tex/latex/hyperref\hyperref.sty
Package: hyperref 2023-11-26 v7.01g Hypertext links for LaTeX

(C:\Users\luisg\AppData\Local\Programs\MiKTeX\tex/generic/iftex\iftex.sty
Package: iftex 2022/02/03 v1.0f TeX engine tests
)
(C:\Users\luisg\AppData\Local\Programs\MiKTeX\tex/generic/infwarerr\infwarerr.s
ty
Package: infwarerr 2019/12/03 v1.5 Providing info/warning/error messages (HO)
)
(C:\Users\luisg\AppData\Local\Programs\MiKTeX\tex/latex/kvsetkeys\kvsetkeys.sty
Package: kvsetkeys 2022-10-05 v1.19 Key value parser (HO)
)
(C:\Users\luisg\AppData\Local\Programs\MiKTeX\tex/generic/kvdefinekeys\kvdefine
keys.sty
Package: kvdefinekeys 2019-12-19 v1.6 Define keys (HO)
)
(C:\Users\luisg\AppData\Local\Programs\MiKTeX\tex/generic/pdfescape\pdfescape.s
ty
Package: pdfescape 2019/12/09 v1.15 Implements pdfTeX's escape features (HO)

(C:\Users\luisg\AppData\Local\Programs\MiKTeX\tex/generic/ltxcmds\ltxcmds.sty
Package: ltxcmds 2023-12-04 v1.26 LaTeX kernel commands for general use (HO)
)
(C:\Users\luisg\AppData\Local\Programs\MiKTeX\tex/generic/pdftexcmds\pdftexcmds
.sty
Package: pdftexcmds 2020-06-27 v0.33 Utility functions of pdfTeX for LuaTeX (HO
)
Package pdftexcmds Info: \pdf@primitive is available.
Package pdftexcmds Info: \pdf@ifprimitive is available.
Package pdftexcmds Info: \pdfdraftmode found.
))
(C:\Users\luisg\AppData\Local\Programs\MiKTeX\tex/latex/hycolor\hycolor.sty
Package: hycolor 2020-01-27 v1.10 Color options for hyperref/bookmark (HO)
)
(C:\Users\luisg\AppData\Local\Programs\MiKTeX\tex/latex/letltxmacro\letltxmacro
.sty
Package: letltxmacro 2019/12/03 v1.6 Let assignment for LaTeX macros (HO)
)
(C:\Users\luisg\AppData\Local\Programs\MiKTeX\tex/latex/auxhook\auxhook.sty
Package: auxhook 2019-12-17 v1.6 Hooks for auxiliary files (HO)
)
(C:\Users\luisg\AppData\Local\Programs\MiKTeX\tex/latex/hyperref\nameref.sty
Package: nameref 2023-11-26 v2.56 Cross-referencing by name of section

(C:\Users\luisg\AppData\Local\Programs\MiKTeX\tex/latex/refcount\refcount.sty
Package: refcount 2019/12/15 v3.6 Data extraction from label references (HO)
)
(C:\Users\luisg\AppData\Local\Programs\MiKTeX\tex/generic/gettitlestring\gettit
lestring.sty
Package: gettitlestring 2019/12/15 v1.6 Cleanup title references (HO)

(C:\Users\luisg\AppData\Local\Programs\MiKTeX\tex/latex/kvoptions\kvoptions.sty
Package: kvoptions 2022-06-15 v3.15 Key value format for package options (HO)
))
\c@section@level=\count284
)
(C:\Users\luisg\AppData\Local\Programs\MiKTeX\tex/latex/etoolbox\etoolbox.sty
Package: etoolbox 2020/10/05 v2.5k e-TeX tools for LaTeX (JAW)
\etb@tempcnta=\count285
)
\@linkdim=\dimen169
\Hy@linkcounter=\count286
\Hy@pagecounter=\count287

(C:\Users\luisg\AppData\Local\Programs\MiKTeX\tex/latex/hyperref\pd1enc.def
File: pd1enc.def 2023-11-26 v7.01g Hyperref: PDFDocEncoding definition (HO)
Now handling font encoding PD1 ...
... no UTF-8 mapping file for font encoding PD1
)
(C:\Users\luisg\AppData\Local\Programs\MiKTeX\tex/generic/intcalc\intcalc.sty
Package: intcalc 2019/12/15 v1.3 Expandable calculations with integers (HO)
)
\Hy@SavedSpaceFactor=\count288

(C:\Users\luisg\AppData\Local\Programs\MiKTeX\tex/latex/hyperref\puenc.def
File: puenc.def 2023-11-26 v7.01g Hyperref: PDF Unicode definition (HO)
Now handling font encoding PU ...
... no UTF-8 mapping file for font encoding PU
)
Package hyperref Info: Option `hypertexnames' set `false' on input line 4064.
Package hyperref Info: Hyper figures OFF on input line 4181.
Package hyperref Info: Link nesting OFF on input line 4186.
Package hyperref Info: Hyper index ON on input line 4189.
Package hyperref Info: Plain pages OFF on input line 4196.
Package hyperref Info: Backreferencing OFF on input line 4201.
Package hyperref Info: Implicit mode ON; LaTeX internals redefined.
Package hyperref Info: Bookmarks ON on input line 4448.
\c@Hy@tempcnt=\count289

(C:\Users\luisg\AppData\Local\Programs\MiKTeX\tex/latex/url\url.sty
\Urlmuskip=\muskip20
Package: url 2013/09/16  ver 3.4  Verb mode for urls, etc.
)
LaTeX Info: Redefining \url on input line 4786.
\XeTeXLinkMargin=\dimen170

(C:\Users\luisg\AppData\Local\Programs\MiKTeX\tex/generic/bitset\bitset.sty
Package: bitset 2019/12/09 v1.3 Handle bit-vector datatype (HO)

(C:\Users\luisg\AppData\Local\Programs\MiKTeX\tex/generic/bigintcalc\bigintcalc
.sty
Package: bigintcalc 2019/12/15 v1.5 Expandable calculations on big integers (HO
)
))
\Fld@menulength=\count290
\Field@Width=\dimen171
\Fld@charsize=\dimen172
Package hyperref Info: Hyper figures OFF on input line 6065.
Package hyperref Info: Link nesting OFF on input line 6070.
Package hyperref Info: Hyper index ON on input line 6073.
Package hyperref Info: backreferencing OFF on input line 6080.
Package hyperref Info: Link coloring OFF on input line 6085.
Package hyperref Info: Link coloring with OCG OFF on input line 6090.
Package hyperref Info: PDF/A mode OFF on input line 6095.

(C:\Users\luisg\AppData\Local\Programs\MiKTeX\tex/latex/base\atbegshi-ltx.sty
Package: atbegshi-ltx 2021/01/10 v1.0c Emulation of the original atbegshi
package with kernel methods
)
\Hy@abspage=\count291
\c@Item=\count292
\c@Hfootnote=\count293
)
Package hyperref Info: Driver (autodetected): hpdftex.
(C:\Users\luisg\AppData\Local\Programs\MiKTeX\tex/latex/hyperref\hpdftex.def
File: hpdftex.def 2023-11-26 v7.01g Hyperref driver for pdfTeX

(C:\Users\luisg\AppData\Local\Programs\MiKTeX\tex/latex/base\atveryend-ltx.sty
Package: atveryend-ltx 2020/08/19 v1.0a Emulation of the original atveryend pac
kage
with kernel methods
)
\Fld@listcount=\count294
\c@bookmark@seq@number=\count295

(C:\Users\luisg\AppData\Local\Programs\MiKTeX\tex/latex/rerunfilecheck\rerunfil
echeck.sty
Package: rerunfilecheck 2022-07-10 v1.10 Rerun checks for auxiliary files (HO)

(C:\Users\luisg\AppData\Local\Programs\MiKTeX\tex/generic/uniquecounter\uniquec
ounter.sty
Package: uniquecounter 2019/12/15 v1.4 Provide unlimited unique counter (HO)
)
Package uniquecounter Info: New unique counter `rerunfilecheck' on input line 2
85.
)
\Hy@SectionHShift=\skip61
)
(C:\Users\luisg\AppData\Local\Programs\MiKTeX\tex/latex/caption\caption.sty
Package: caption 2023/08/05 v3.6o Customizing captions (AR)

(C:\Users\luisg\AppData\Local\Programs\MiKTeX\tex/latex/caption\caption3.sty
Package: caption3 2023/07/31 v2.4d caption3 kernel (AR)
\caption@tempdima=\dimen173
\captionmargin=\dimen174
\caption@leftmargin=\dimen175
\caption@rightmargin=\dimen176
\caption@width=\dimen177
\caption@indent=\dimen178
\caption@parindent=\dimen179
\caption@hangindent=\dimen180
Package caption Info: Standard document class detected.
)
\c@caption@flags=\count296
\c@continuedfloat=\count297
Package caption Info: float package is loaded.
Package caption Info: hyperref package is loaded.
)
(C:\Users\luisg\AppData\Local\Programs\MiKTeX\tex/latex/caption\subcaption.sty
Package: subcaption 2023/07/28 v1.6b Sub-captions (AR)
Package caption Info: New subtype `subfigure' on input line 238.
\c@subfigure=\count298
Package caption Info: New subtype `subtable' on input line 238.
\c@subtable=\count299
) (C:\Users\luisg\AppData\Local\Programs\MiKTeX\tex/latex/xpatch\xpatch.sty
Package: xpatch 2020/03/25 v0.3a Extending etoolbox patching commands
)
(C:\Users\luisg\AppData\Local\Programs\MiKTeX\tex/latex/emptypage\emptypage.sty
Package: emptypage 2010/05/30 v1.2 Suppress page numbers and headings on empty 
pages
) (C:\Users\luisg\AppData\Local\Programs\MiKTeX\tex/latex/hyphenat\hyphenat.sty
Package: hyphenat 2009/09/02 v2.3c hyphenation utilities
\langwohyphens=\language80
LaTeX Info: Redefining \_ on input line 43.
) (C:\Users\luisg\AppData\Local\Programs\MiKTeX\tex/latex/fancyhdr\fancyhdr.sty
Package: fancyhdr 2022/11/09 v4.1 Extensive control of page headers and footers

\f@nch@headwidth=\skip62
\f@nch@O@elh=\skip63
\f@nch@O@erh=\skip64
\f@nch@O@olh=\skip65
\f@nch@O@orh=\skip66
\f@nch@O@elf=\skip67
\f@nch@O@erf=\skip68
\f@nch@O@olf=\skip69
\f@nch@O@orf=\skip70
) (C:\Users\luisg\AppData\Local\Programs\MiKTeX\tex/latex/biblatex\biblatex.sty
Package: biblatex 2023/03/05 v3.19 programmable bibliographies (PK/MW)
(C:\Users\luisg\AppData\Local\Programs\MiKTeX\tex/latex/logreq\logreq.sty
Package: logreq 2010/08/04 v1.0 xml request logger
\lrq@indent=\count300

(C:\Users\luisg\AppData\Local\Programs\MiKTeX\tex/latex/logreq\logreq.def
File: logreq.def 2010/08/04 v1.0 logreq spec v1.0
))
(C:\Users\luisg\AppData\Local\Programs\MiKTeX\tex/latex/base\ifthen.sty
Package: ifthen 2022/04/13 v1.1d Standard LaTeX ifthen package (DPC)
)
\c@tabx@nest=\count301
\c@listtotal=\count302
\c@listcount=\count303
\c@liststart=\count304
\c@liststop=\count305
\c@citecount=\count306
\c@citetotal=\count307
\c@multicitecount=\count308
\c@multicitetotal=\count309
\c@instcount=\count310
\c@maxnames=\count311
\c@minnames=\count312
\c@maxitems=\count313
\c@minitems=\count314
\c@citecounter=\count315
\c@maxcitecounter=\count316
\c@savedcitecounter=\count317
\c@uniquelist=\count318
\c@uniquename=\count319
\c@refsection=\count320
\c@refsegment=\count321
\c@maxextratitle=\count322
\c@maxextratitleyear=\count323
\c@maxextraname=\count324
\c@maxextradate=\count325
\c@maxextraalpha=\count326
\c@abbrvpenalty=\count327
\c@highnamepenalty=\count328
\c@lownamepenalty=\count329
\c@maxparens=\count330
\c@parenlevel=\count331
\blx@tempcnta=\count332
\blx@tempcntb=\count333
\blx@tempcntc=\count334
\c@blx@maxsection=\count335
\blx@maxsegment@0=\count336
\blx@notetype=\count337
\blx@parenlevel@text=\count338
\blx@parenlevel@foot=\count339
\blx@sectionciteorder@0=\count340
\blx@sectionciteorderinternal@0=\count341
\blx@entrysetcounter=\count342
\blx@biblioinstance=\count343
\labelnumberwidth=\skip71
\labelalphawidth=\skip72
\biblabelsep=\skip73
\bibitemsep=\skip74
\bibnamesep=\skip75
\bibinitsep=\skip76
\bibparsep=\skip77
\bibhang=\skip78
\blx@bcfin=\read3
\blx@bcfout=\write3
\blx@langwohyphens=\language81
\c@mincomprange=\count344
\c@maxcomprange=\count345
\c@mincompwidth=\count346
Package biblatex Info: Trying to load biblatex default data model...
Package biblatex Info: ... file 'blx-dm.def' found.

(C:\Users\luisg\AppData\Local\Programs\MiKTeX\tex/latex/biblatex\blx-dm.def
File: blx-dm.def 2023/03/05 v3.19 biblatex localization (PK/MW)
)
Package biblatex Info: Trying to load biblatex style data model...
Package biblatex Info: ... file 'ieee.dbx' not found.
Package biblatex Info: Trying to load biblatex custom data model...
Package biblatex Info: ... file 'biblatex-dm.cfg' not found.
\c@afterword=\count347
\c@savedafterword=\count348
\c@annotator=\count349
\c@savedannotator=\count350
\c@author=\count351
\c@savedauthor=\count352
\c@bookauthor=\count353
\c@savedbookauthor=\count354
\c@commentator=\count355
\c@savedcommentator=\count356
\c@editor=\count357
\c@savededitor=\count358
\c@editora=\count359
\c@savededitora=\count360
\c@editorb=\count361
\c@savededitorb=\count362
\c@editorc=\count363
\c@savededitorc=\count364
\c@foreword=\count365
\c@savedforeword=\count366
\c@holder=\count367
\c@savedholder=\count368
\c@introduction=\count369
\c@savedintroduction=\count370
\c@namea=\count371
\c@savednamea=\count372
\c@nameb=\count373
\c@savednameb=\count374
\c@namec=\count375
\c@savednamec=\count376
\c@translator=\count377
\c@savedtranslator=\count378
\c@shortauthor=\count379
\c@savedshortauthor=\count380
\c@shorteditor=\count381
\c@savedshorteditor=\count382
\c@labelname=\count383
\c@savedlabelname=\count384
\c@institution=\count385
\c@savedinstitution=\count386
\c@lista=\count387
\c@savedlista=\count388
\c@listb=\count389
\c@savedlistb=\count390
\c@listc=\count391
\c@savedlistc=\count392
\c@listd=\count393
\c@savedlistd=\count394
\c@liste=\count395
\c@savedliste=\count396
\c@listf=\count397
\c@savedlistf=\count398
\c@location=\count399
\c@savedlocation=\count400
\c@organization=\count401
\c@savedorganization=\count402
\c@origlocation=\count403
\c@savedoriglocation=\count404
\c@origpublisher=\count405
\c@savedorigpublisher=\count406
\c@publisher=\count407
\c@savedpublisher=\count408
\c@language=\count409
\c@savedlanguage=\count410
\c@origlanguage=\count411
\c@savedoriglanguage=\count412
\c@pageref=\count413
\c@savedpageref=\count414
\shorthandwidth=\skip79
\shortjournalwidth=\skip80
\shortserieswidth=\skip81
\shorttitlewidth=\skip82
\shortauthorwidth=\skip83
\shorteditorwidth=\skip84
\locallabelnumberwidth=\skip85
\locallabelalphawidth=\skip86
\localshorthandwidth=\skip87
\localshortjournalwidth=\skip88
\localshortserieswidth=\skip89
\localshorttitlewidth=\skip90
\localshortauthorwidth=\skip91
\localshorteditorwidth=\skip92
Package biblatex Info: Trying to load compatibility code...
Package biblatex Info: ... file 'blx-compat.def' found.

(C:\Users\luisg\AppData\Local\Programs\MiKTeX\tex/latex/biblatex\blx-compat.def
File: blx-compat.def 2023/03/05 v3.19 biblatex compatibility (PK/MW)
)
Package biblatex Info: Trying to load generic definitions...
Package biblatex Info: ... file 'biblatex.def' found.
 (C:\Users\luisg\AppData\Local\Programs\MiKTeX\tex/latex/biblatex\biblatex.def
File: biblatex.def 2023/03/05 v3.19 biblatex compatibility (PK/MW)
\c@textcitecount=\count415
\c@textcitetotal=\count416
\c@textcitemaxnames=\count417
\c@biburlbigbreakpenalty=\count418
\c@biburlbreakpenalty=\count419
\c@biburlnumpenalty=\count420
\c@biburlucpenalty=\count421
\c@biburllcpenalty=\count422
\biburlbigskip=\muskip21
\biburlnumskip=\muskip22
\biburlucskip=\muskip23
\biburllcskip=\muskip24
\c@smartand=\count423
)
Package biblatex Info: Trying to load bibliography style 'ieee'...
Package biblatex Info: ... file 'ieee.bbx' found.

(C:\Users\luisg\AppData\Local\Programs\MiKTeX\tex/latex/biblatex-ieee\ieee.bbx
File: ieee.bbx 2021/12/06 v1.3f biblatex bibliography style
Package biblatex Info: Trying to load bibliography style 'numeric-comp'...
Package biblatex Info: ... file 'numeric-comp.bbx' found.

(C:\Users\luisg\AppData\Local\Programs\MiKTeX\tex/latex/biblatex/bbx\numeric-co
mp.bbx
File: numeric-comp.bbx 2023/03/05 v3.19 biblatex bibliography style (PK/MW)
Package biblatex Info: Trying to load bibliography style 'numeric'...
Package biblatex Info: ... file 'numeric.bbx' found.

(C:\Users\luisg\AppData\Local\Programs\MiKTeX\tex/latex/biblatex/bbx\numeric.bb
x
File: numeric.bbx 2023/03/05 v3.19 biblatex bibliography style (PK/MW)
Package biblatex Info: Trying to load bibliography style 'standard'...
Package biblatex Info: ... file 'standard.bbx' found.

(C:\Users\luisg\AppData\Local\Programs\MiKTeX\tex/latex/biblatex/bbx\standard.b
bx
File: standard.bbx 2023/03/05 v3.19 biblatex bibliography style (PK/MW)
\c@bbx:relatedcount=\count424
\c@bbx:relatedtotal=\count425
))))
Package biblatex Info: Trying to load citation style 'ieee'...
Package biblatex Info: ... file 'ieee.cbx' found.

(C:\Users\luisg\AppData\Local\Programs\MiKTeX\tex/latex/biblatex-ieee\ieee.cbx
File: ieee.cbx 2021/12/06 v1.3f biblatex citation style
Package biblatex Info: Trying to load citation style 'numeric-comp'...
Package biblatex Info: ... file 'numeric-comp.cbx' found.

(C:\Users\luisg\AppData\Local\Programs\MiKTeX\tex/latex/biblatex/cbx\numeric-co
mp.cbx
File: numeric-comp.cbx 2023/03/05 v3.19 biblatex citation style (PK/MW)
\c@cbx@tempcnta=\count426
\c@cbx@tempcntb=\count427
\c@cbx@tempcntc=\count428
\c@cbx@tempcntd=\count429
Package biblatex Info: Redefining '\cite'.
Package biblatex Info: Redefining '\parencite'.
Package biblatex Info: Redefining '\footcite'.
Package biblatex Info: Redefining '\footcitetext'.
Package biblatex Info: Redefining '\smartcite'.
Package biblatex Info: Redefining '\supercite'.
Package biblatex Info: Redefining '\textcite'.
Package biblatex Info: Redefining '\textcites'.
Package biblatex Info: Redefining '\cites'.
Package biblatex Info: Redefining '\parencites'.
Package biblatex Info: Redefining '\smartcites'.
)
Package biblatex Info: Redefining '\cite'.
Package biblatex Info: Redefining '\supercite'.
Package biblatex Info: Redefining '\cites'.
)
Package biblatex Info: Trying to load configuration file...
Package biblatex Info: ... file 'biblatex.cfg' found.

(C:\Users\luisg\AppData\Local\Programs\MiKTeX\tex/latex/biblatex\biblatex.cfg
File: biblatex.cfg 
)
Package biblatex Info: Input encoding 'utf8' detected.
Package biblatex Info: Document encoding is UTF8 ....
Package biblatex Info: ... and expl3
(biblatex)             2024-01-04 L3 programming layer (loader) 
(biblatex)             is new enough (at least 2020/04/06),
(biblatex)             setting 'casechanger=expl3'.

(C:\Users\luisg\AppData\Local\Programs\MiKTeX\tex/latex/biblatex\blx-case-expl3
.sty
Package: blx-case-expl3 2023/03/05 v3.19 expl3 case changing code for biblatex
))
(C:\Users\luisg\AppData\Local\Programs\MiKTeX\tex/latex/overpic\overpic.sty
Package: overpic 2024/01/06 2.1 picture overlays (RN)

(C:\Users\luisg\AppData\Local\Programs\MiKTeX\tex/latex/eepic\epic.sty
Enhancements to Picture Environment. Version 1.2 - Released June 1, 1986
\@@multicnt=\count430
\d@lta=\count431
\@delta=\dimen181
\@@delta=\dimen182
\@gridcnt=\count432
\@joinkind=\count433
\@dotgap=\dimen183
\@ddotgap=\dimen184
\@x@diff=\count434
\@y@diff=\count435
\x@diff=\dimen185
\y@diff=\dimen186
\@dotbox=\box59
\num@segments=\count436
\num@segmentsi=\count437
\@datafile=\read4
)
\OVP@box=\box60
)
(C:\Users\luisg\AppData\Local\Programs\MiKTeX\tex/latex/chngcntr\chngcntr.sty
Package: chngcntr 2018/04/09 v1.1a change counter resetting
Package chngcntr Info: \counterwithout already defined.
(chngcntr)             Quitting chngcntr on input line 21.
)
(C:\Users\luisg\AppData\Local\Programs\MiKTeX\tex/latex/glossaries/base\glossar
ies.sty
Package: glossaries 2023/09/29 v4.53 (NLCT)

(C:\Users\luisg\AppData\Local\Programs\MiKTeX\tex/latex/xkeyval\xkeyval.sty
Package: xkeyval 2022/06/16 v2.9 package option processing (HA)

(C:\Users\luisg\AppData\Local\Programs\MiKTeX\tex/generic/xkeyval\xkeyval.tex
(C:\Users\luisg\AppData\Local\Programs\MiKTeX\tex/generic/xkeyval\xkvutils.tex
\XKV@toks=\toks35
\XKV@tempa@toks=\toks36
)
\XKV@depth=\count438
File: xkeyval.tex 2014/12/03 v2.7a key=value parser (HA)
))
(C:\Users\luisg\AppData\Local\Programs\MiKTeX\tex/latex/mfirstuc\mfirstuc.sty
Package: mfirstuc 2022/10/14 v2.08 (NLCT)
\@glsmfirst=\toks37
\@glsmrest=\toks38
)
(C:\Users\luisg\AppData\Local\Programs\MiKTeX\tex/latex/xfor\xfor.sty
Package: xfor 2009/02/05 v1.05 (NLCT)
)
(C:\Users\luisg\AppData\Local\Programs\MiKTeX\tex/latex/datatool\datatool-base.
sty
Package: datatool-base 2019/09/27 v2.32 (NLCT)
 (C:\Users\luisg\AppData\Local\Programs\MiKTeX\tex/latex/substr\substr.sty
Package: substr 2009/10/20 v1.2 Handle substrings
\c@su@anzahl=\count439
)
(C:\Users\luisg\AppData\Local\Programs\MiKTeX\tex/latex/datatool\datatool-fp.st
y
Package: datatool-fp 2019/09/27 v2.32 (NLCT)
 (C:\Users\luisg\AppData\Local\Programs\MiKTeX\tex/latex/fp\fp.sty
Package: fp 1995/04/02

`Fixed Point Package', Version 0.8, April 2, 1995 (C) Michael Mehlich
(C:\Users\luisg\AppData\Local\Programs\MiKTeX\tex/latex/fp\defpattern.sty
Package: defpattern 1994/10/12
\actioncount=\count440
)
(C:\Users\luisg\AppData\Local\Programs\MiKTeX\tex/latex/fp\fp-basic.sty
Package: fp-basic 1996/05/13
\FP@xs=\count441
\FP@xia=\count442
\FP@xib=\count443
\FP@xfa=\count444
\FP@xfb=\count445
\FP@rega=\count446
\FP@regb=\count447
\FP@regs=\count448
\FP@times=\count449
)
(C:\Users\luisg\AppData\Local\Programs\MiKTeX\tex/latex/fp\fp-addons.sty
Package: fp-addons 1995/03/15
)
(C:\Users\luisg\AppData\Local\Programs\MiKTeX\tex/latex/fp\fp-snap.sty
Package: fp-snap 1995/04/05
)
(C:\Users\luisg\AppData\Local\Programs\MiKTeX\tex/latex/fp\fp-exp.sty
Package: fp-exp 1995/04/03
)
(C:\Users\luisg\AppData\Local\Programs\MiKTeX\tex/latex/fp\fp-trigo.sty
Package: fp-trigo 1995/04/14
)
(C:\Users\luisg\AppData\Local\Programs\MiKTeX\tex/latex/fp\fp-pas.sty
Package: fp-pas 1994/08/29
)
(C:\Users\luisg\AppData\Local\Programs\MiKTeX\tex/latex/fp\fp-random.sty
Package: fp-random 1995/02/23
\FPseed=\count450
)
(C:\Users\luisg\AppData\Local\Programs\MiKTeX\tex/latex/fp\fp-eqn.sty
Package: fp-eqn 1995/04/03
)
(C:\Users\luisg\AppData\Local\Programs\MiKTeX\tex/latex/fp\fp-upn.sty
Package: fp-upn 1996/10/21
)
(C:\Users\luisg\AppData\Local\Programs\MiKTeX\tex/latex/fp\fp-eval.sty
Package: fp-eval 1995/04/03
)))
\@dtl@toks=\toks39
\@dtl@tmpcount=\count451
\dtl@tmplength=\skip93
\dtl@sortresult=\count452
\@dtl@numgrpsepcount=\count453
\@dtl@datatype=\count454
\dtl@codeA=\count455
\dtl@codeB=\count456
\@dtl@foreach@level=\count457
)
(C:\Users\luisg\AppData\Local\Programs\MiKTeX\tex/latex/tracklang\tracklang.sty
Package: tracklang 2022/12/13 v1.6.1 (NLCT) Track Languages

(C:\Users\luisg\AppData\Local\Programs\MiKTeX\tex/generic/tracklang\tracklang.t
ex))
(C:\Users\luisg\AppData\Local\Programs\MiKTeX\tex/latex/translator\translator.s
ty
Package: translator 2021-05-31 v1.12d Easy translation of strings in LaTeX
)
(C:\Users\luisg\AppData\Local\Programs\MiKTeX\tex/latex/glossaries-spanish\glos
saries-spanish.ldf
File: glossaries-spanish.ldf 2014/11/23 v1.0

(C:\Users\luisg\AppData\Local\Programs\MiKTeX\tex/latex/glossaries-spanish\glos
saries-spanish-utf8.ldf))
\gls@level=\count458
\@gls@tmpb=\toks40
\gls@tmplen=\skip94
\glskeylisttok=\toks41
\glslabeltok=\toks42
\glsshorttok=\toks43
\glslongtok=\toks44

(C:\Users\luisg\AppData\Local\Programs\MiKTeX\tex/latex/glossaries/styles\gloss
ary-hypernav.sty
Package: glossary-hypernav 2023/09/29 v4.53 (NLCT)
)
(C:\Users\luisg\AppData\Local\Programs\MiKTeX\tex/latex/glossaries/styles\gloss
ary-list.sty
Package: glossary-list 2023/09/29 v4.53 (NLCT)
\glslistdottedwidth=\skip95
)
(C:\Users\luisg\AppData\Local\Programs\MiKTeX\tex/latex/glossaries/styles\gloss
ary-long.sty
Package: glossary-long 2023/09/29 v4.53 (NLCT)

(C:\Users\luisg\AppData\Local\Programs\MiKTeX\tex/latex/tools\longtable.sty
Package: longtable 2023-11-01 v4.19 Multi-page Table package (DPC)
\LTleft=\skip96
\LTright=\skip97
\LTpre=\skip98
\LTpost=\skip99
\LTchunksize=\count459
\LTcapwidth=\dimen187
\LT@head=\box61
\LT@firsthead=\box62
\LT@foot=\box63
\LT@lastfoot=\box64
\LT@gbox=\box65
\LT@cols=\count460
\LT@rows=\count461
\c@LT@tables=\count462
\c@LT@chunks=\count463
\LT@p@ftn=\toks45
)
\glsdescwidth=\skip100
\glspagelistwidth=\skip101
)
(C:\Users\luisg\AppData\Local\Programs\MiKTeX\tex/latex/glossaries/styles\gloss
ary-super.sty
Package: glossary-super 2023/09/29 v4.53 (NLCT)

(C:\Users\luisg\AppData\Local\Programs\MiKTeX\tex/latex/supertabular\supertabul
ar.sty
Package: supertabular 2024/07/20 v4.2c the supertabular environment
\c@tracingst=\count464
\ST@wd=\dimen188
\ST@rightskip=\skip102
\ST@leftskip=\skip103
\ST@parfillskip=\skip104
\ST@pageleft=\dimen189
\ST@headht=\dimen190
\ST@tailht=\dimen191
\ST@pagesofar=\dimen192
\ST@pboxht=\dimen193
\ST@rowht=\dimen194
\ST@prevht=\dimen195
\ST@toadd=\dimen196
\ST@dimen=\dimen197
\ST@pbox=\box66
))
(C:\Users\luisg\AppData\Local\Programs\MiKTeX\tex/latex/glossaries/styles\gloss
ary-tree.sty
Package: glossary-tree 2023/09/29 v4.53 (NLCT)
\glstreeindent=\skip105
))
\glswrite=\write4
\glo@main@file=\write5
\openout5 = `z-main.glo'.

Package glossaries Info: Writing glossary file z-main.glo on input line 64.
 (o-glosario.tex)
(C:\Users\luisg\AppData\Local\Programs\MiKTeX\tex/latex/geometry\geometry.sty
Package: geometry 2020/01/02 v5.9 Page Geometry

(C:\Users\luisg\AppData\Local\Programs\MiKTeX\tex/generic/iftex\ifvtex.sty
Package: ifvtex 2019/10/25 v1.7 ifvtex legacy package. Use iftex instead.
)
\Gm@cnth=\count465
\Gm@cntv=\count466
\c@Gm@tempcnt=\count467
\Gm@bindingoffset=\dimen198
\Gm@wd@mp=\dimen199
\Gm@odd@mp=\dimen256
\Gm@even@mp=\dimen257
\Gm@layoutwidth=\dimen258
\Gm@layoutheight=\dimen259
\Gm@layouthoffset=\dimen260
\Gm@layoutvoffset=\dimen261
\Gm@dimlist=\toks46

(C:\Users\luisg\AppData\Local\Programs\MiKTeX\tex/latex/geometry\geometry.cfg))
(C:\Users\luisg\AppData\Local\Programs\MiKTeX\tex/latex/fncychap\fncychap.sty
Package: fncychap 2007/07/30 v1.34 LaTeX package (Revised chapters)
\RW=\skip106
\mylen=\skip107
\myhi=\skip108
\px=\skip109
\py=\skip110
\pyy=\skip111
\pxx=\skip112
)
(2-paquetes_y_comandos_usuario.tex)
(C:\Users\luisg\AppData\Local\Programs\MiKTeX\tex/latex/dirtytalk\dirtytalk.sty
Package: dirtytalk 2010/11/21 A package making "quoting" easier
\c@dirtytalk@qdepth=\count468
)

Package biblatex Warning: 'babel/polyglossia' detected but 'csquotes' missing.
(biblatex)                Loading 'csquotes' recommended.

\@quotelevel=\count469
\@quotereset=\count470
(z-main.aux
LaTeX Info: Redefining \. on input line 9.
LaTeX Info: Redefining \% on input line 9.
LaTeX Info: Redefining \. on input line 16.
LaTeX Info: Redefining \% on input line 16.
)
\openout1 = `z-main.aux'.

LaTeX Font Info:    Checking defaults for OML/cmm/m/it on input line 109.
LaTeX Font Info:    ... okay on input line 109.
LaTeX Font Info:    Checking defaults for OMS/cmsy/m/n on input line 109.
LaTeX Font Info:    ... okay on input line 109.
LaTeX Font Info:    Checking defaults for OT1/cmr/m/n on input line 109.
LaTeX Font Info:    ... okay on input line 109.
LaTeX Font Info:    Checking defaults for T1/cmr/m/n on input line 109.
LaTeX Font Info:    ... okay on input line 109.
LaTeX Font Info:    Checking defaults for TS1/cmr/m/n on input line 109.
LaTeX Font Info:    ... okay on input line 109.
LaTeX Font Info:    Checking defaults for OMX/cmex/m/n on input line 109.
LaTeX Font Info:    ... okay on input line 109.
LaTeX Font Info:    Checking defaults for U/cmr/m/n on input line 109.
LaTeX Font Info:    ... okay on input line 109.
LaTeX Font Info:    Checking defaults for PD1/pdf/m/n on input line 109.
LaTeX Font Info:    ... okay on input line 109.
LaTeX Font Info:    Checking defaults for PU/pdf/m/n on input line 109.
LaTeX Font Info:    ... okay on input line 109.
LaTeX Info: Redefining \. on input line 109.
LaTeX Info: Redefining \% on input line 109.

(C:\Users\luisg\AppData\Local\Programs\MiKTeX\tex/context/base/mkii\supp-pdf.mk
ii
[Loading MPS to PDF converter (version 2006.09.02).]
\scratchcounter=\count471
\scratchdimen=\dimen262
\scratchbox=\box67
\nofMPsegments=\count472
\nofMParguments=\count473
\everyMPshowfont=\toks47
\MPscratchCnt=\count474
\MPscratchDim=\dimen263
\MPnumerator=\count475
\makeMPintoPDFobject=\count476
\everyMPtoPDFconversion=\toks48
)
(C:\Users\luisg\AppData\Local\Programs\MiKTeX\tex/latex/epstopdf-pkg\epstopdf-b
ase.sty
Package: epstopdf-base 2020-01-24 v2.11 Base part for package epstopdf

(C:\Users\luisg\AppData\Local\Programs\MiKTeX\tex/latex/grfext\grfext.sty
Package: grfext 2019/12/03 v1.3 Manage graphics extensions (HO)
)
Package epstopdf-base Info: Redefining graphics rule for `.eps' on input line 4
85.
Package grfext Info: Graphics extension search list:
(grfext)             [.pdf,.png,.jpg,.mps,.jpeg,.jbig2,.jb2,.PDF,.PNG,.JPG,.JPE
G,.JBIG2,.JB2,.eps]
(grfext)             \AppendGraphicsExtensions on input line 504.

(C:\Users\luisg\AppData\Local\Programs\MiKTeX\tex/latex/00miktex\epstopdf-sys.c
fg
File: epstopdf-sys.cfg 2021/03/18 v2.0 Configuration of epstopdf for MiKTeX
))
Package hyperref Info: Link coloring OFF on input line 109.
 (z-main.out) (z-main.out)
\@outlinefile=\write6
\openout6 = `z-main.out'.

Package caption Info: Begin \AtBeginDocument code.
Package caption Info: longtable package is loaded.

(C:\Users\luisg\AppData\Local\Programs\MiKTeX\tex/latex/caption\ltcaption.sty
Package: ltcaption 2021/01/08 v1.4c longtable captions (AR)
)
Package caption Info: supertabular package is loaded.
Package caption Info: End \AtBeginDocument code.
Package biblatex Info: Trying to load language 'spanish'...
Package biblatex Info: ... file 'spanish.lbx' found.

(C:\Users\luisg\AppData\Local\Programs\MiKTeX\tex/latex/biblatex/lbx\spanish.lb
x
File: spanish.lbx 2023/03/05 v3.19 biblatex localization (PK/MW)
)
Package biblatex Info: Input encoding 'utf8' detected.
Package biblatex Info: Automatic encoding selection.
(biblatex)             Assuming data encoding 'utf8'.
\openout3 = `z-main.bcf'.

Package biblatex Info: Trying to load bibliographic data...
Package biblatex Info: ... file 'z-main.bbl' found.
 (z-main.bbl

Package biblatex Warning: The following entry could not be found
(biblatex)                in the database:
(biblatex)                biber
(biblatex)                Please verify the spelling and rerun
(biblatex)                LaTeX afterwards.

)
Package biblatex Info: Reference section=0 on input line 109.
Package biblatex Info: Reference segment=0 on input line 109.

*geometry* driver: auto-detecting
*geometry* detected driver: pdftex
*geometry* verbose mode - [ preamble ] result:
* driver: pdftex
* paper: letterpaper
* layout: <same size as paper>
* layoutoffset:(h,v)=(0.0pt,0.0pt)
* modes: 
* h-part:(L,W,R)=(108.405pt, 433.62001pt, 72.26999pt)
* v-part:(T,H,B)=(72.26999pt, 650.43001pt, 72.26999pt)
* \paperwidth=614.295pt
* \paperheight=794.96999pt
* \textwidth=433.62001pt
* \textheight=650.43001pt
* \oddsidemargin=36.13501pt
* \evensidemargin=36.13501pt
* \topmargin=-37.0pt
* \headheight=12.0pt
* \headsep=25.0pt
* \topskip=11.0pt
* \footskip=30.0pt
* \marginparwidth=59.0pt
* \marginparsep=10.0pt
* \columnsep=10.0pt
* \skip\footins=10.0pt plus 4.0pt minus 2.0pt
* \hoffset=0.0pt
* \voffset=0.0pt
* \mag=1000
* \@twocolumnfalse
* \@twosidefalse
* \@mparswitchfalse
* \@reversemarginfalse
* (1in=72.27pt=25.4mm, 1cm=28.453pt)

*geometry* verbose mode - [ newgeometry ] result:
* driver: pdftex
* paper: letterpaper
* layout: <same size as paper>
* layoutoffset:(h,v)=(0.0pt,0.0pt)
* modes: 
* h-part:(L,W,R)=(85.35826pt, 443.57848pt, 85.35826pt)
* v-part:(T,H,B)=(72.26999pt, 722.7pt, 0.0pt)
* \paperwidth=614.295pt
* \paperheight=794.96999pt
* \textwidth=443.57848pt
* \textheight=722.7pt
* \oddsidemargin=13.08827pt
* \evensidemargin=13.08827pt
* \topmargin=-37.0pt
* \headheight=12.0pt
* \headsep=25.0pt
* \topskip=11.0pt
* \footskip=30.0pt
* \marginparwidth=59.0pt
* \marginparsep=10.0pt
* \columnsep=10.0pt
* \skip\footins=10.0pt plus 4.0pt minus 2.0pt
* \hoffset=0.0pt
* \voffset=0.0pt
* \mag=1000
* \@twocolumnfalse
* \@twosidefalse
* \@mparswitchfalse
* \@reversemarginfalse
* (1in=72.27pt=25.4mm, 1cm=28.453pt)


Overfull \hbox (57.53029pt too wide) in paragraph at lines 128--128
[]\T1/cmr/m/n/24.88 Diseño e implementación de un sistema hidropónico
 []

<plantilla/portadacit.jpg, id=307, 1927.2pt x 752.8125pt>
File: plantilla/portadacit.jpg Graphic file (type jpg)
<use plantilla/portadacit.jpg>
Package pdftex.def Info: plantilla/portadacit.jpg  used on input line 140.
(pdftex.def)             Requested size: 965.1268pt x 376.99901pt.
<plantilla/fondologo_grande.png, id=308, 969.02025pt x 430.0065pt>
File: plantilla/fondologo_grande.png Graphic file (type png)
<use plantilla/fondologo_grande.png>
Package pdftex.def Info: plantilla/fondologo_grande.png  used on input line 140
.
(pdftex.def)             Requested size: 187.27997pt x 83.11005pt.
Package epstopdf Info: Source file: <plantilla/logoUVGblanco.eps>
(epstopdf)                    date: 2024-08-03 08:19:04
(epstopdf)                    size: 733366 bytes
(epstopdf)             Output file: <plantilla/logoUVGblanco-eps-converted-to.p
df>
(epstopdf)                    date: 2024-09-16 10:00:07
(epstopdf)                    size: 8900 bytes
(epstopdf)             Command: <miktex-epstopdf --outfile=plantilla/logoUVGbla
nco-eps-converted-to.pdf plantilla/logoUVGblanco.eps>
(epstopdf)             \includegraphics on input line 140.
Package epstopdf Info: Output file is already uptodate.
<plantilla/logoUVGblanco-eps-converted-to.pdf, id=310, 680.5425pt x 174.6525pt>

File: plantilla/logoUVGblanco-eps-converted-to.pdf Graphic file (type pdf)
<use plantilla/logoUVGblanco-eps-converted-to.pdf>
Package pdftex.def Info: plantilla/logoUVGblanco-eps-converted-to.pdf  used on 
input line 140.
(pdftex.def)             Requested size: 154.88077pt x 39.74872pt.
[1

\openout4 = `z-main.ist'.



{C:/Users/luisg/AppData/Local/MiKTeX/fonts/map/pdftex/pdftex.map} <./plantilla/
portadacit.jpg> <./plantilla/fondologo_grande.png> <./plantilla/logoUVGblanco-e
ps-converted-to.pdf>]
Package epstopdf Info: Source file: <plantilla/escudoUVGnegro.eps>
(epstopdf)                    date: 2024-08-03 08:19:04
(epstopdf)                    size: 353392 bytes
(epstopdf)             Output file: <plantilla/escudoUVGnegro-eps-converted-to.
pdf>
(epstopdf)                    date: 2024-08-22 17:11:47
(epstopdf)                    size: 37956 bytes
(epstopdf)             Command: <miktex-epstopdf --outfile=plantilla/escudoUVGn
egro-eps-converted-to.pdf plantilla/escudoUVGnegro.eps>
(epstopdf)             \includegraphics on input line 164.
Package epstopdf Info: Output file is already uptodate.
<plantilla/escudoUVGnegro-eps-converted-to.pdf, id=325, 141.52875pt x 209.78375
pt>
File: plantilla/escudoUVGnegro-eps-converted-to.pdf Graphic file (type pdf)
<use plantilla/escudoUVGnegro-eps-converted-to.pdf>
Package pdftex.def Info: plantilla/escudoUVGnegro-eps-converted-to.pdf  used on
 input line 164.
(pdftex.def)             Requested size: 105.574pt x 156.49014pt.
 [1


 <./plantilla/escudoUVGnegro-eps-converted-to.pdf>]
Underfull \hbox (badness 10000) in paragraph at lines 221--222

 []


Underfull \hbox (badness 10000) in paragraph at lines 228--229

 []

[2

]
LaTeX Font Info:    Trying to load font information for T1+cmss on input line 2
55.
 (C:\Users\luisg\AppData\Local\Programs\MiKTeX\tex/latex/base\t1cmss.fd
File: t1cmss.fd 2023/04/13 v2.5m Standard LaTeX font definitions
)
(a-prefacio.tex) [3


] (z-main.toc
LaTeX Info: Redefining \sptext on input line 1.
LaTeX Info: Redefining \. on input line 1.
LaTeX Info: Redefining \% on input line 1.
LaTeX Info: Redefining \sptext on input line 2.
LaTeX Info: Redefining \. on input line 2.
LaTeX Info: Redefining \% on input line 2.
LaTeX Font Info:    Trying to load font information for U+msa on input line 10.


(C:\Users\luisg\AppData\Local\Programs\MiKTeX\tex/latex/amsfonts\umsa.fd
File: umsa.fd 2013/01/14 v3.01 AMS symbols A
)
LaTeX Font Info:    Trying to load font information for U+msb on input line 10.


(C:\Users\luisg\AppData\Local\Programs\MiKTeX\tex/latex/amsfonts\umsb.fd
File: umsb.fd 2013/01/14 v3.01 AMS symbols B
)
[4


] [5])
\tf@toc=\write7
\openout7 = `z-main.toc'.

 [6] (z-main.lof
LaTeX Info: Redefining \sptext on input line 1.
LaTeX Info: Redefining \. on input line 1.
LaTeX Info: Redefining \% on input line 1.
LaTeX Info: Redefining \sptext on input line 2.
LaTeX Info: Redefining \. on input line 2.
LaTeX Info: Redefining \% on input line 2.
 [7


])
\tf@lof=\write8
\openout8 = `z-main.lof'.

 [8] (z-main.lot
LaTeX Info: Redefining \sptext on input line 1.
LaTeX Info: Redefining \. on input line 1.
LaTeX Info: Redefining \% on input line 1.
LaTeX Info: Redefining \sptext on input line 2.
LaTeX Info: Redefining \. on input line 2.
LaTeX Info: Redefining \% on input line 2.

Overfull \hbox (4.69197pt too wide) in paragraph at lines 17--17
 [][] [][]\T1/cmr/m/n/10.95 Protocolos de co-mu-ni-ca-ción y otros pe-ri-fé-ri-
cos dis-po-ni-bles en el \T1/cmr/m/it/10.95 ESP-WROOM- 
 []

)
\tf@lot=\write9
\openout9 = `z-main.lot'.

 [9


] (b-resumen.tex) [10


] (c-abstract.tex) [11


]
Cap\'{\i }tulo 1.
(d-introduccion.tex) [1


]
Cap\'{\i }tulo 2.
(e-antecedentes.tex [2

]
<figuras/Figura1_modelo3D_invernadero_gonzalez.png, id=611, 432.4155pt x 290.28
45pt>
File: figuras/Figura1_modelo3D_invernadero_gonzalez.png Graphic file (type png)

<use figuras/Figura1_modelo3D_invernadero_gonzalez.png>
Package pdftex.def Info: figuras/Figura1_modelo3D_invernadero_gonzalez.png  use
d on input line 14.
(pdftex.def)             Requested size: 216.20721pt x 145.14189pt.
<figuras/Figura3_vertical-greenhouse_edengreen.jpg, id=613, 1284.8pt x 722.7pt>

File: figuras/Figura3_vertical-greenhouse_edengreen.jpg Graphic file (type jpg)

<use figuras/Figura3_vertical-greenhouse_edengreen.jpg>
Package pdftex.def Info: figuras/Figura3_vertical-greenhouse_edengreen.jpg  use
d on input line 26.
(pdftex.def)             Requested size: 321.19922pt x 180.67455pt.
 [3 <./figuras/Figura1_modelo3D_invernadero_gonzalez.png>] [4 <./figuras/Figura
3_vertical-greenhouse_edengreen.jpg>]
<figuras/Figura4_funcion-membresia-fuzzy-logic.png, id=630, 296.307pt x 157.789
5pt>
File: figuras/Figura4_funcion-membresia-fuzzy-logic.png Graphic file (type png)

<use figuras/Figura4_funcion-membresia-fuzzy-logic.png>
Package pdftex.def Info: figuras/Figura4_funcion-membresia-fuzzy-logic.png  use
d on input line 38.
(pdftex.def)             Requested size: 222.2297pt x 118.34183pt.
 [5 <./figuras/Figura4_funcion-membresia-fuzzy-logic.png>]
<figuras/Figura2_sistema_hidroponico_en-lab_tatas.jpg, id=641, 885.90974pt x 33
4.851pt>
File: figuras/Figura2_sistema_hidroponico_en-lab_tatas.jpg Graphic file (type j
pg)
<use figuras/Figura2_sistema_hidroponico_en-lab_tatas.jpg>
Package pdftex.def Info: figuras/Figura2_sistema_hidroponico_en-lab_tatas.jpg  
used on input line 50.
(pdftex.def)             Requested size: 310.07306pt x 117.1996pt.
 [6 <./figuras/Figura2_sistema_hidroponico_en-lab_tatas.jpg>]) [7]
Cap\'{\i }tulo 3.
(f-justificacion.tex) [8

]
Cap\'{\i }tulo 4.
(g-objetivos.tex) [9

]
Cap\'{\i }tulo 5.
(h-alcance.tex) [10

]
Cap\'{\i }tulo 6.
(i-marco_teorico.tex [11

]
<figuras/Figura_5_metodos_irrigacion.png, id=676, 707.64375pt x 340.8735pt>
File: figuras/Figura_5_metodos_irrigacion.png Graphic file (type png)
<use figuras/Figura_5_metodos_irrigacion.png>
Package pdftex.def Info: figuras/Figura_5_metodos_irrigacion.png  used on input
 line 11.
(pdftex.def)             Requested size: 247.67902pt x 119.3075pt.
<figuras/Figura_6_sistema_nft.png, id=679, 380.622pt x 224.037pt>
File: figuras/Figura_6_sistema_nft.png Graphic file (type png)
<use figuras/Figura_6_sistema_nft.png>
Package pdftex.def Info: figuras/Figura_6_sistema_nft.png  used on input line 1
8.
(pdftex.def)             Requested size: 171.2783pt x 100.8157pt.
 [12 <./figuras/Figura_5_metodos_irrigacion.png> <./figuras/Figura_6_sistema_nf
t.png>] [13] [14] [15]
<figuras/Figura_7_sensor_oxigeno.jpg, id=727, 903.375pt x 602.25pt>
File: figuras/Figura_7_sensor_oxigeno.jpg Graphic file (type jpg)
<use figuras/Figura_7_sensor_oxigeno.jpg>
Package pdftex.def Info: figuras/Figura_7_sensor_oxigeno.jpg  used on input lin
e 110.
(pdftex.def)             Requested size: 225.8432pt x 150.56212pt.
 [16 <./figuras/Figura_7_sensor_oxigeno.jpg>]
<figuras/Figura_8_sensor_conductividad.jpg, id=736, 566.115pt x 377.41pt>
File: figuras/Figura_8_sensor_conductividad.jpg Graphic file (type jpg)
<use figuras/Figura_8_sensor_conductividad.jpg>
Package pdftex.def Info: figuras/Figura_8_sensor_conductividad.jpg  used on inp
ut line 144.
(pdftex.def)             Requested size: 226.44199pt x 150.96132pt.
 [17 <./figuras/Figura_8_sensor_conductividad.jpg>] [18]
<figuras/Figura_9_sensor_ph.jpg, id=753, 135.8676pt x 90.5784pt>
File: figuras/Figura_9_sensor_ph.jpg Graphic file (type jpg)
<use figuras/Figura_9_sensor_ph.jpg>
Package pdftex.def Info: figuras/Figura_9_sensor_ph.jpg  used on input line 179
.
(pdftex.def)             Requested size: 203.80087pt x 135.86725pt.
 [19 <./figuras/Figura_9_sensor_ph.jpg>]
<figuras/Figura_10_sensor_temperatura.jpg, id=764, 903.375pt x 903.375pt>
File: figuras/Figura_10_sensor_temperatura.jpg Graphic file (type jpg)
<use figuras/Figura_10_sensor_temperatura.jpg>
Package pdftex.def Info: figuras/Figura_10_sensor_temperatura.jpg  used on inpu
t line 207.
(pdftex.def)             Requested size: 135.5004pt x 135.5004pt.
 [20 <./figuras/Figura_10_sensor_temperatura.jpg>]
<figuras/Sensor_temp_hum_dht11.png, id=780, 298.86656pt x 228.10219pt>
File: figuras/Sensor_temp_hum_dht11.png Graphic file (type png)
<use figuras/Sensor_temp_hum_dht11.png>
Package pdftex.def Info: figuras/Sensor_temp_hum_dht11.png  used on input line 
240.
(pdftex.def)             Requested size: 149.4329pt x 114.0508pt.
 [21 <./figuras/Sensor_temp_hum_dht11.png>]
Overfull \hbox (26.35493pt too wide) in paragraph at lines 250--260
 [][] 
 []

<figuras/Figura_11_rtc.jpg, id=790, 903.375pt x 903.375pt>
File: figuras/Figura_11_rtc.jpg Graphic file (type jpg)
<use figuras/Figura_11_rtc.jpg>
Package pdftex.def Info: figuras/Figura_11_rtc.jpg  used on input line 266.
(pdftex.def)             Requested size: 135.5004pt x 135.5004pt.
[22 <./figuras/Figura_11_rtc.jpg>]
<figuras/Figura_12_espwroom32.png, id=799, 614.7768pt x 356.0502pt>
File: figuras/Figura_12_espwroom32.png Graphic file (type png)
<use figuras/Figura_12_espwroom32.png>
Package pdftex.def Info: figuras/Figura_12_espwroom32.png  used on input line 3
12.
(pdftex.def)             Requested size: 307.38763pt x 178.02466pt.
 [23 <./figuras/Figura_12_espwroom32.png>]
<figuras/Figura_13_arquitectura_iot.png, id=808, 481.04718pt x 499.8675pt>
File: figuras/Figura_13_arquitectura_iot.png Graphic file (type png)
<use figuras/Figura_13_arquitectura_iot.png>
Package pdftex.def Info: figuras/Figura_13_arquitectura_iot.png  used on input 
line 324.
(pdftex.def)             Requested size: 264.57677pt x 274.92796pt.

[24 <./figuras/Figura_13_arquitectura_iot.png>]
<figuras/Figura_14_solicitud_http.png, id=820, 483.2454pt x 277.9986pt>
File: figuras/Figura_14_solicitud_http.png Graphic file (type png)
<use figuras/Figura_14_solicitud_http.png>
Package pdftex.def Info: figuras/Figura_14_solicitud_http.png  used on input li
ne 336.
(pdftex.def)             Requested size: 169.13841pt x 97.30096pt.
<figuras/Figura_14.1_comunicacion_http.png, id=824, 632.6034pt x 143.5764pt>
File: figuras/Figura_14.1_comunicacion_http.png Graphic file (type png)
<use figuras/Figura_14.1_comunicacion_http.png>
Package pdftex.def Info: figuras/Figura_14.1_comunicacion_http.png  used on inp
ut line 345.
(pdftex.def)             Requested size: 253.03687pt x 57.42953pt.
 [25 <./figuras/Figura_14_solicitud_http.png> <./figuras/Figura_14.1_comunicaci
on_http.png>]
<figuras/Figura_16_comunicacion_dweetIO.png, id=837, 612.3678pt x 392.667pt>
File: figuras/Figura_16_comunicacion_dweetIO.png Graphic file (type png)
<use figuras/Figura_16_comunicacion_dweetIO.png>
Package pdftex.def Info: figuras/Figura_16_comunicacion_dweetIO.png  used on in
put line 355.
(pdftex.def)             Requested size: 244.94276pt x 157.06401pt.
) [26 <./figuras/Figura_16_comunicacion_dweetIO.png>] (j-capitulos.tex
Cap\'{\i }tulo 7.
[27

]
<figuras/Figura_17_primera_iteracion_estructura.png, id=852, 513.117pt x 408.32
55pt>
File: figuras/Figura_17_primera_iteracion_estructura.png Graphic file (type png
)
<use figuras/Figura_17_primera_iteracion_estructura.png>
Package pdftex.def Info: figuras/Figura_17_primera_iteracion_estructura.png  us
ed on input line 34.
(pdftex.def)             Requested size: 205.24316pt x 163.3273pt.
 [28]
<figuras/Perfil_horizontal_aluminio.png, id=859, 408.3255pt x 302.93175pt>
File: figuras/Perfil_horizontal_aluminio.png Graphic file (type png)
<use figuras/Perfil_horizontal_aluminio.png>
Package pdftex.def Info: figuras/Perfil_horizontal_aluminio.png  used on input 
line 43.
(pdftex.def)             Requested size: 244.99718pt x 181.76044pt.
 [29 <./figuras/Figura_17_primera_iteracion_estructura.png> <./figuras/Perfil_h
orizontal_aluminio.png>]
<figuras/Bandeja_forraje.png, id=867, 285.7074pt x 214.8828pt>
File: figuras/Bandeja_forraje.png Graphic file (type png)
<use figuras/Bandeja_forraje.png>
Package pdftex.def Info: figuras/Bandeja_forraje.png  used on input line 54.
(pdftex.def)             Requested size: 171.42575pt x 128.93066pt.
 [30 <./figuras/Bandeja_forraje.png>]
<figuras/Estanteria_prefabricada.png, id=877, 766.062pt x 499.8675pt>
File: figuras/Estanteria_prefabricada.png Graphic file (type png)
<use figuras/Estanteria_prefabricada.png>
Package pdftex.def Info: figuras/Estanteria_prefabricada.png  used on input lin
e 69.
(pdftex.def)             Requested size: 268.12572pt x 174.95624pt.
<figuras/Perfil_slotted_1.png, id=878, 617.30624pt x 319.1925pt>
File: figuras/Perfil_slotted_1.png Graphic file (type png)
<use figuras/Perfil_slotted_1.png>
Package pdftex.def Info: figuras/Perfil_slotted_1.png  used on input line 76.
(pdftex.def)             Requested size: 246.91812pt x 127.67473pt.
 [31 <./figuras/Estanteria_prefabricada.png> <./figuras/Perfil_slotted_1.png>]
<figuras/Canales_crecimiento_estructura.png, id=887, 498.663pt x 492.6405pt>
File: figuras/Canales_crecimiento_estructura.png Graphic file (type png)
<use figuras/Canales_crecimiento_estructura.png>
Package pdftex.def Info: figuras/Canales_crecimiento_estructura.png  used on in
put line 89.
(pdftex.def)             Requested size: 199.46165pt x 197.0527pt.
<figuras/Soporte_tuberias.png, id=889, 593.21625pt x 425.79076pt>
File: figuras/Soporte_tuberias.png Graphic file (type png)
<use figuras/Soporte_tuberias.png>
Package pdftex.def Info: figuras/Soporte_tuberias.png  used on input line 98.
(pdftex.def)             Requested size: 237.28229pt x 170.31328pt.
 [32 <./figuras/Canales_crecimiento_estructura.png>] [33 <./figuras/Soporte_tub
erias.png>]
<figuras/Soporte_dht11.png, id=910, 558.28575pt x 380.01974pt>
File: figuras/Soporte_dht11.png Graphic file (type png)
<use figuras/Soporte_dht11.png>
Package pdftex.def Info: figuras/Soporte_dht11.png  used on input line 139.
(pdftex.def)             Requested size: 223.31033pt x 152.0052pt.
<figuras/Soporte_ventilador.png, id=912, 367.3725pt x 390.258pt>
File: figuras/Soporte_ventilador.png Graphic file (type png)
<use figuras/Soporte_ventilador.png>
Package pdftex.def Info: figuras/Soporte_ventilador.png  used on input line 148
.
(pdftex.def)             Requested size: 146.94638pt x 156.10042pt.
 [34 <./figuras/Soporte_dht11.png>]
<figuras/TH_ensamble_prototipo_v2.png, id=919, 972.63374pt x 505.28775pt>
File: figuras/TH_ensamble_prototipo_v2.png Graphic file (type png)
<use figuras/TH_ensamble_prototipo_v2.png>
Package pdftex.def Info: figuras/TH_ensamble_prototipo_v2.png  used on input li
ne 159.
(pdftex.def)             Requested size: 389.0466pt x 202.11151pt.
 [35 <./figuras/Soporte_ventilador.png> <./figuras/TH_ensamble_prototipo_v2.png
>] [36] [37] [38]
<figuras/Circuito_ventiladores.png, id=952, 360.1455pt x 289.68225pt>
File: figuras/Circuito_ventiladores.png Graphic file (type png)
<use figuras/Circuito_ventiladores.png>
Package pdftex.def Info: figuras/Circuito_ventiladores.png  used on input line 
263.
(pdftex.def)             Requested size: 144.05563pt x 115.87083pt.
 [39 <./figuras/Circuito_ventiladores.png>] [40]
<figuras/Estructura_principal.jpg, id=967, 3130.69624pt x 4175.6pt>
File: figuras/Estructura_principal.jpg Graphic file (type jpg)
<use figuras/Estructura_principal.jpg>
Package pdftex.def Info: figuras/Estructura_principal.jpg  used on input line 3
06.
(pdftex.def)             Requested size: 156.54398pt x 208.79224pt.
 [41] [42 <./figuras/Estructura_principal.jpg>]
Cap\'{\i }tulo 8.

LaTeX Warning: Citation 'biber' on page 43 undefined on input line 321.

[43

] [44] [45]
Cap\'{\i }tulo 9.
<figuras/Interfaz_grafica.png, id=993, 411.939pt x 397.0032pt>
File: figuras/Interfaz_grafica.png Graphic file (type png)
<use figuras/Interfaz_grafica.png>
Package pdftex.def Info: figuras/Interfaz_grafica.png  used on input line 351.
(pdftex.def)             Requested size: 205.96898pt x 198.50111pt.
[46

] [47 <./figuras/Interfaz_grafica.png>]
Cap\'{\i }tulo 10.
<figuras/Germinacion_ziplock.jpg, id=1004, 4175.6pt x 3130.69624pt>
File: figuras/Germinacion_ziplock.jpg Graphic file (type jpg)
<use figuras/Germinacion_ziplock.jpg>
Package pdftex.def Info: figuras/Germinacion_ziplock.jpg  used on input line 37
6.
(pdftex.def)             Requested size: 208.79224pt x 156.54398pt.
[48

]
<figuras/Germinacion_peatmoss.jpg, id=1009, 3130.69624pt x 4175.6pt>
File: figuras/Germinacion_peatmoss.jpg Graphic file (type jpg)
<use figuras/Germinacion_peatmoss.jpg>
Package pdftex.def Info: figuras/Germinacion_peatmoss.jpg  used on input line 3
83.
(pdftex.def)             Requested size: 156.54398pt x 208.79224pt.
 [49 <./figuras/Germinacion_ziplock.jpg> <./figuras/Germinacion_peatmoss.jpg>]
<figuras/Retonos_transplantados.jpg, id=1016, 4175.6pt x 3130.69624pt>
File: figuras/Retonos_transplantados.jpg Graphic file (type jpg)
<use figuras/Retonos_transplantados.jpg>
Package pdftex.def Info: figuras/Retonos_transplantados.jpg  used on input line
 400.
(pdftex.def)             Requested size: 208.79224pt x 156.54398pt.
 [50 <./figuras/Retonos_transplantados.jpg>]
<figuras/Sales_raices.jpg, id=1023, 3130.69624pt x 4175.6pt>
File: figuras/Sales_raices.jpg Graphic file (type jpg)
<use figuras/Sales_raices.jpg>
Package pdftex.def Info: figuras/Sales_raices.jpg  used on input line 418.
(pdftex.def)             Requested size: 156.54398pt x 208.79224pt.
) [51 <./figuras/Sales_raices.jpg>] [52]
Cap\'{\i }tulo 11.
(k-conclusiones.tex) [53

]
Cap\'{\i }tulo 12.
(l-recomendaciones.tex) [54

]
Cap\'{\i }tulo 13.
LaTeX Font Info:    Trying to load font information for T1+cmtt on input line 4
38.
(C:\Users\luisg\AppData\Local\Programs\MiKTeX\tex/latex/base\t1cmtt.fd
File: t1cmtt.fd 2023/04/13 v2.5m Standard LaTeX font definitions
)
[55


] [56]
Overfull \hbox (32.10771pt too wide) in paragraph at lines 438--438
\T1/cmr/m/n/10.95 rec-ción: []$\T1/cmtt/m/n/10.95 https : / / www . sciencedire
ct . com / science / article / pii / B9780128139738000014$[]\T1/cmr/m/n/10.95 .
 
 []


Overfull \hbox (12.8314pt too wide) in paragraph at lines 438--438
[]\T1/cmr/m/n/10.95 DFRobot, \T1/cmr/m/it/10.95 PH_-me-ter_-SKU_-_-SEN0161_--DF
Robot\T1/cmr/m/n/10.95 . di-rec-ción: []$\T1/cmtt/m/n/10.95 https : / / wiki . 
dfrobot .
 []


Overfull \hbox (16.01082pt too wide) in paragraph at lines 438--438
[]\T1/cmr/m/n/10.95 E. Wings, \T1/cmr/m/it/10.95 In-tro-duc-tion to ESP32 | ESP
32\T1/cmr/m/n/10.95 , en. di-rec-ción: []$\T1/cmtt/m/n/10.95 https : / / www . 
electronicwings .
 []

[57] [58]
Cap\'{\i }tulo 14.
(n-anexos.tex) [59

]
No file z-main.gls.
[60] (z-main.aux
LaTeX Info: Redefining \sptext on input line 9.
LaTeX Info: Redefining \. on input line 9.
LaTeX Info: Redefining \% on input line 9.
LaTeX Info: Redefining \sptext on input line 16.
LaTeX Info: Redefining \. on input line 16.
LaTeX Info: Redefining \% on input line 16.
)
 ***********
LaTeX2e <2023-11-01> patch level 1
L3 programming layer <2020/03/25>
 ***********
Package rerunfilecheck Info: File `z-main.out' has not changed.
(rerunfilecheck)             Checksum: 8DC6D5D8A35FD3E6C43487EAAA5FFC11;16907.
Package logreq Info: Writing requests to 'z-main.run.xml'.
\openout1 = `z-main.run.xml'.

 ) 
Here is how much of TeX's memory you used:
 30287 strings out of 474486
 565463 string characters out of 5743755
 1947542 words of memory out of 5000000
 51811 multiletter control sequences out of 15000+600000
 582336 words of font info for 88 fonts, out of 8000000 for 9000
 1141 hyphenation exceptions out of 8191
 94i,10n,93p,2343b,2756s stack positions out of 10000i,1000n,20000p,200000b,200000s
 <C:\Users\luisg\AppData\Local\MiKTeX\fonts/pk/ljfour/jknappen/ec/dpi600\ectt
1095.pk> <C:\Users\luisg\AppData\Local\MiKTeX\fonts/pk/ljfour/jknappen/ec/dpi60
0\ecsi1440.pk> <C:\Users\luisg\AppData\Local\MiKTeX\fonts/pk/ljfour/jknappen/ec
/dpi600\ecrm0900.pk> <C:\Users\luisg\AppData\Local\MiKTeX\fonts/pk/ljfour/jknap
pen/ec/dpi600\ecrm0600.pk> <C:\Users\luisg\AppData\Local\MiKTeX\fonts/pk/ljfour
/jknappen/ec/dpi600\ecrm0800.pk> <C:\Users\luisg\AppData\Local\MiKTeX\fonts/pk/
ljfour/jknappen/ec/dpi600\tcrm1000.pk> <C:\Users\luisg\AppData\Local\MiKTeX\fon
ts/pk/ljfour/jknappen/ec/dpi600\ecbi1200.pk> <C:\Users\luisg\AppData\Local\MiKT
eX\fonts/pk/ljfour/jknappen/ec/dpi600\ecbx1200.pk> <C:\Users\luisg\AppData\Loca
l\MiKTeX\fonts/pk/ljfour/jknappen/ec/dpi600\ecbi1440.pk> <C:\Users\luisg\AppDat
a\Local\MiKTeX\fonts/pk/ljfour/jknappen/ec/dpi600\ecti1000.pk> <C:\Users\luisg\
AppData\Local\MiKTeX\fonts/pk/ljfour/jknappen/ec/dpi600\ecrm1000.pk> <C:\Users\
luisg\AppData\Local\MiKTeX\fonts/pk/ljfour/jknappen/ec/dpi600\ecss2488.pk> <C:\
Users\luisg\AppData\Local\MiKTeX\fonts/pk/ljfour/jknappen/ec/dpi600\tcrm1095.pk
> <C:\Users\luisg\AppData\Local\MiKTeX\fonts/pk/ljfour/jknappen/ec/dpi600\ecbi1
095.pk> <C:\Users\luisg\AppData\Local\MiKTeX\fonts/pk/ljfour/jknappen/ec/dpi600
\ecti1095.pk> <C:\Users\luisg\AppData\Local\MiKTeX\fonts/pk/ljfour/jknappen/ec/
dpi600\ecrm1095.pk> <C:\Users\luisg\AppData\Local\MiKTeX\fonts/pk/ljfour/jknapp
en/ec/dpi600\ecxc1095.pk> <C:\Users\luisg\AppData\Local\MiKTeX\fonts/pk/ljfour/
jknappen/ec/dpi600\ecbx1095.pk> <C:\Users\luisg\AppData\Local\MiKTeX\fonts/pk/l
jfour/jknappen/ec/dpi600\eccc1095.pk> <C:\Users\luisg\AppData\Local\MiKTeX\font
s/pk/ljfour/jknappen/ec/dpi600\ecss1440.pk> <C:\Users\luisg\AppData\Local\MiKTe
X\fonts/pk/ljfour/jknappen/ec/dpi600\ecrm1200.pk> <C:\Users\luisg\AppData\Local
\MiKTeX\fonts/pk/ljfour/jknappen/ec/dpi600\ecrm1440.pk> <C:\Users\luisg\AppData
\Local\MiKTeX\fonts/pk/ljfour/jknappen/ec/dpi600\ecbx1440.pk> <C:\Users\luisg\A
ppData\Local\MiKTeX\fonts/pk/ljfour/jknappen/ec/dpi600\ecrm1728.pk> <C:\Users\l
uisg\AppData\Local\MiKTeX\fonts/pk/ljfour/jknappen/ec/dpi600\ecrm2488.pk><C:/Us
ers/luisg/AppData/Local/Programs/MiKTeX/fonts/type1/public/amsfonts/cm/cmmi10.p
fb><C:/Users/luisg/AppData/Local/Programs/MiKTeX/fonts/type1/public/amsfonts/cm
/cmmi8.pfb><C:/Users/luisg/AppData/Local/Programs/MiKTeX/fonts/type1/public/ams
fonts/cm/cmmi9.pfb><C:/Users/luisg/AppData/Local/Programs/MiKTeX/fonts/type1/pu
blic/amsfonts/cm/cmr10.pfb><C:/Users/luisg/AppData/Local/Programs/MiKTeX/fonts/
type1/public/amsfonts/cm/cmr8.pfb><C:/Users/luisg/AppData/Local/Programs/MiKTeX
/fonts/type1/public/amsfonts/cm/cmsy10.pfb><C:/Users/luisg/AppData/Local/Progra
ms/MiKTeX/fonts/type1/public/amsfonts/cm/cmsy8.pfb>
Output written on z-main.pdf (72 pages, 9449985 bytes).
PDF statistics:
 2122 PDF objects out of 2487 (max. 8388607)
 258 named destinations out of 1000 (max. 500000)
 799 words of extra memory for PDF output out of 10000 (max. 10000000)

