\BOOKMARK [0][-]{section*.6}{\376\377\000P\000r\000e\000f\000a\000c\000i\000o}{}% 1
\BOOKMARK [0][-]{toc.0}{\376\377\000\315\000n\000d\000i\000c\000e}{}% 2
\BOOKMARK [0][-]{section*.8}{\376\377\000L\000i\000s\000t\000a\000\040\000d\000e\000\040\000f\000i\000g\000u\000r\000a\000s}{}% 3
\BOOKMARK [0][-]{section*.9}{\376\377\000L\000i\000s\000t\000a\000\040\000d\000e\000\040\000c\000u\000a\000d\000r\000o\000s}{}% 4
\BOOKMARK [0][-]{section*.10}{\376\377\000R\000e\000s\000u\000m\000e\000n}{}% 5
\BOOKMARK [0][-]{section*.11}{\376\377\000A\000b\000s\000t\000r\000a\000c\000t}{}% 6
\BOOKMARK [0][-]{chapter.12}{\376\377\000I\000n\000t\000r\000o\000d\000u\000c\000c\000i\000\363\000n}{}% 7
\BOOKMARK [0][-]{chapter.13}{\376\377\000A\000n\000t\000e\000c\000e\000d\000e\000n\000t\000e\000s}{}% 8
\BOOKMARK [1][-]{section.14}{\376\377\000L\000a\000\040\000h\000i\000d\000r\000o\000p\000o\000n\000\355\000a\000\040\000e\000n\000\040\000G\000u\000a\000t\000e\000m\000a\000l\000a}{chapter.13}% 9
\BOOKMARK [1][-]{section.16}{\376\377\000T\000e\000n\000d\000e\000n\000c\000i\000a\000s\000\040\000a\000c\000t\000u\000a\000l\000e\000s\000\040\000e\000n\000\040\000l\000a\000\040\000p\000r\000o\000d\000u\000c\000c\000i\000\363\000n\000\040\000s\000o\000s\000t\000e\000n\000i\000b\000l\000e\000\040\000d\000e\000\040\000h\000o\000r\000t\000a\000l\000i\000z\000a\000s}{chapter.13}% 10
\BOOKMARK [1][-]{section.18}{\376\377\000U\000s\000o\000\040\000d\000e\000\040\000F\000u\000z\000z\000y\000\040\000L\000o\000g\000i\000c\000\040\000p\000a\000r\000a\000\040\000e\000l\000\040\000c\000o\000n\000t\000r\000o\000l\000\040\000d\000e\000\040\000s\000i\000s\000t\000e\000m\000a\000s\000\040\000h\000i\000d\000r\000o\000p\000\363\000n\000i\000c\000o\000s}{chapter.13}% 11
\BOOKMARK [1][-]{section.20}{\376\377\000M\000o\000n\000i\000t\000o\000r\000e\000o\000\040\000y\000\040\000c\000o\000n\000t\000r\000o\000l\000\040\000d\000e\000\040\000c\000u\000l\000t\000i\000v\000o\000s\000\040\000h\000i\000d\000r\000o\000p\000\363\000n\000i\000c\000o\000s\000\040\000u\000t\000i\000l\000i\000z\000a\000n\000d\000o\000\040\000t\000e\000c\000n\000o\000l\000o\000g\000\355\000a\000\040\000I\000o\000T}{chapter.13}% 12
\BOOKMARK [1][-]{section.22}{\376\377\000L\000a\000\040\000d\000i\000g\000i\000t\000a\000l\000i\000z\000a\000c\000i\000\363\000n\000\040\000d\000e\000\040\000l\000a\000\040\000a\000g\000r\000i\000c\000u\000l\000t\000u\000r\000a}{chapter.13}% 13
\BOOKMARK [0][-]{chapter.23}{\376\377\000J\000u\000s\000t\000i\000f\000i\000c\000a\000c\000i\000\363\000n}{}% 14
\BOOKMARK [0][-]{chapter.24}{\376\377\000O\000b\000j\000e\000t\000i\000v\000o\000s}{}% 15
\BOOKMARK [1][-]{section.25}{\376\377\000O\000b\000j\000e\000t\000i\000v\000o\000\040\000G\000e\000n\000e\000r\000a\000l}{chapter.24}% 16
\BOOKMARK [1][-]{section.26}{\376\377\000O\000b\000j\000e\000t\000i\000v\000o\000s\000\040\000e\000s\000p\000e\000c\000\355\000f\000i\000c\000o\000s}{chapter.24}% 17
\BOOKMARK [0][-]{chapter.27}{\376\377\000A\000l\000c\000a\000n\000c\000e}{}% 18
\BOOKMARK [0][-]{chapter.28}{\376\377\000M\000a\000r\000c\000o\000\040\000t\000e\000\363\000r\000i\000c\000o}{}% 19
\BOOKMARK [1][-]{section.29}{\376\377\000C\000u\000l\000t\000i\000v\000o\000s\000\040\000h\000i\000d\000r\000o\000p\000\363\000n\000i\000c\000o\000s}{chapter.28}% 20
\BOOKMARK [1][-]{section.30}{\376\377\000S\000o\000l\000u\000c\000i\000\363\000n\000\040\000n\000u\000t\000r\000i\000t\000i\000v\000a\000\040\000r\000e\000-\000c\000i\000r\000c\000u\000l\000a\000n\000t\000e\000\040\000\050\000N\000F\000T\000\051}{chapter.28}% 21
\BOOKMARK [1][-]{section.33}{\376\377\000S\000o\000l\000u\000c\000i\000\363\000n\000\040\000d\000e\000\040\000n\000u\000t\000r\000i\000e\000n\000t\000e\000s}{chapter.28}% 22
\BOOKMARK [1][-]{section.34}{\376\377\000C\000a\000r\000a\000c\000t\000e\000r\000\355\000s\000t\000i\000c\000a\000s\000\040\000d\000e\000\040\000l\000a\000\040\000s\000o\000l\000u\000c\000i\000\363\000n\000\040\000n\000u\000t\000r\000i\000t\000i\000v\000a\000\040\000d\000e\000l\000\040\000c\000i\000l\000a\000n\000t\000r\000o}{chapter.28}% 23
\BOOKMARK [1][-]{section.36}{\376\377\000M\000o\000n\000i\000t\000o\000r\000e\000o\000\040\000d\000e\000\040\000p\000a\000r\000\341\000m\000e\000t\000r\000o\000s\000\040\000p\000a\000r\000a\000\040\000e\000l\000\040\000c\000r\000e\000c\000i\000m\000i\000e\000n\000t\000o\000\040\000d\000e\000\040\000p\000l\000a\000n\000t\000a\000s}{chapter.28}% 24
\BOOKMARK [2][-]{subsection.37}{\376\377\000O\000x\000\355\000g\000e\000n\000o\000\040\000d\000i\000s\000u\000e\000l\000t\000o\000\040\000e\000n\000\040\000a\000g\000u\000a}{section.36}% 25
\BOOKMARK [2][-]{subsection.38}{\376\377\000S\000E\000N\0000\0002\0003\0007\000\040\000G\000r\000a\000v\000i\000t\000y\000\040\000A\000n\000a\000l\000o\000g\000\040\000D\000i\000s\000s\000o\000l\000v\000e\000d\000\040\000O\000x\000y\000g\000e\000n\000\040\000S\000e\000n\000s\000o\000r\000\040\000d\000e\000\040\000D\000F\000R\000o\000b\000o\000t}{section.36}% 26
\BOOKMARK [2][-]{subsection.41}{\376\377\000S\000e\000n\000s\000o\000r\000\040\000d\000e\000\040\000e\000l\000e\000c\000t\000r\000o\000\040\000c\000o\000n\000d\000u\000c\000t\000i\000v\000i\000d\000a\000d\000\040\000\050\000E\000C\000\051}{section.36}% 27
\BOOKMARK [2][-]{subsection.44}{\376\377\000P\000o\000t\000e\000n\000c\000i\000a\000\040\000d\000e\000\040\000h\000i\000d\000r\000\363\000g\000e\000n\000o\000\040\000\050\000p\000H\000\051}{section.36}% 28
\BOOKMARK [2][-]{subsection.45}{\376\377\000S\000e\000n\000s\000o\000r\000\040\000d\000e\000\040\000p\000H\000\040\000S\000E\000N\0000\0001\0006\0001\000\040\000P\000H\000\040\000M\000e\000t\000e\000r\000\040\000d\000e\000\040\000D\000F\000R\000o\000b\000o\000t}{section.36}% 29
\BOOKMARK [2][-]{subsection.48}{\376\377\000T\000e\000m\000p\000e\000r\000a\000t\000u\000r\000a\000\040\000d\000e\000\040\000a\000g\000u\000a}{section.36}% 30
\BOOKMARK [2][-]{subsection.49}{\376\377\000S\000e\000n\000s\000o\000r\000\040\000d\000e\000\040\000t\000e\000m\000p\000e\000r\000a\000t\000u\000r\000a\000\040\000d\000e\000\040\000a\000g\000u\000a\000\040\000D\000S\0001\0008\000B\0002\0000}{section.36}% 31
\BOOKMARK [2][-]{subsection.52}{\376\377\000T\000e\000m\000p\000e\000r\000a\000t\000u\000r\000a\000\040\000y\000\040\000h\000u\000m\000e\000d\000a\000d\000\040\000a\000m\000b\000i\000e\000n\000t\000a\000l}{section.36}% 32
\BOOKMARK [2][-]{subsection.53}{\376\377\000S\000e\000n\000s\000o\000r\000\040\000d\000e\000\040\000t\000e\000m\000p\000e\000r\000a\000t\000u\000r\000a\000\040\000y\000\040\000h\000u\000m\000e\000d\000a\000d\000\040\000D\000H\000T\0001\0001}{section.36}% 33
\BOOKMARK [1][-]{section.59}{\376\377\000P\000l\000a\000c\000a\000\040\000d\000e\000\040\000d\000e\000s\000a\000r\000r\000o\000l\000l\000o\000\040\000E\000S\000P\000-\000W\000R\000O\000O\000M\000-\0003\0002}{chapter.28}% 34
\BOOKMARK [1][-]{section.63}{\376\377\000S\000i\000s\000t\000e\000m\000a\000s\000\040\000d\000e\000\040\000c\000o\000n\000t\000r\000o\000l\000\040\000y\000\040\000c\000o\000n\000e\000c\000t\000i\000v\000i\000d\000a\000d\000\040\000c\000o\000n\000\040\000l\000a\000\040\000n\000u\000b\000e}{chapter.28}% 35
\BOOKMARK [2][-]{subsection.64}{\376\377\000E\000l\000\040\000i\000n\000t\000e\000r\000n\000e\000t\000\040\000d\000e\000\040\000l\000a\000s\000\040\000c\000o\000s\000a\000s\000\040\000\050\000I\000o\000T\000\051}{section.63}% 36
\BOOKMARK [2][-]{subsection.66}{\376\377\000P\000r\000o\000t\000o\000c\000o\000l\000o\000\040\000d\000e\000\040\000c\000o\000m\000u\000n\000i\000c\000a\000c\000i\000\363\000n\000\040\000H\000T\000T\000P}{section.63}% 37
\BOOKMARK [2][-]{subsection.69}{\376\377\000C\000o\000m\000u\000n\000i\000c\000a\000c\000i\000\363\000n\000\040\000W\000i\000F\000i\000\040\000c\000o\000n\000\040\000D\000w\000e\000e\000t\000.\000i\000o}{section.63}% 38
\BOOKMARK [2][-]{subsection.71}{\376\377\000C\000o\000n\000t\000r\000o\000l\000a\000d\000o\000r\000e\000s\000\040\000d\000e\000\040\000F\000u\000z\000z\000y\000\040\000L\000o\000g\000i\000c}{section.63}% 39
\BOOKMARK [0][-]{chapter.72}{\376\377\000D\000i\000s\000e\000\361\000o\000\040\000y\000\040\000e\000n\000s\000a\000m\000b\000l\000a\000j\000e\000\040\000d\000e\000l\000\040\000s\000i\000s\000t\000e\000m\000a\000\040\000h\000i\000d\000r\000o\000p\000\363\000n\000i\000c\000o}{}% 40
\BOOKMARK [1][-]{section.73}{\376\377\000D\000i\000s\000e\000\361\000o\000\040\000d\000e\000\040\000l\000a\000\040\000e\000s\000t\000r\000u\000c\000t\000u\000r\000a}{chapter.72}% 41
\BOOKMARK [2][-]{subsection.74}{\376\377\000R\000e\000q\000u\000e\000r\000i\000m\000i\000e\000n\000t\000o\000s\000\040\000f\000\355\000s\000i\000c\000o\000s\000\040\000y\000\040\000r\000e\000s\000t\000r\000i\000c\000c\000i\000o\000n\000e\000s\000\040\000d\000e\000\040\000e\000s\000p\000a\000c\000i\000o}{section.73}% 42
\BOOKMARK [2][-]{subsection.75}{\376\377\000P\000r\000i\000m\000e\000r\000a\000\040\000i\000t\000e\000r\000a\000c\000i\000\363\000n\000,\000\040\000e\000s\000t\000r\000u\000c\000t\000u\000r\000a\000\040\000d\000e\000\040\000a\000l\000u\000m\000i\000n\000i\000o}{section.73}% 43
\BOOKMARK [2][-]{subsection.80}{\376\377\000S\000e\000g\000u\000n\000d\000a\000\040\000i\000t\000e\000r\000a\000c\000i\000\363\000n\000,\000\040\000e\000s\000t\000r\000u\000c\000t\000u\000r\000a\000\040\000p\000r\000e\000f\000a\000b\000r\000i\000c\000a\000d\000a}{section.73}% 44
\BOOKMARK [2][-]{subsection.86}{\376\377\000C\000o\000m\000p\000a\000r\000a\000c\000i\000\363\000n\000\040\000d\000e\000\040\000l\000a\000s\000\040\000i\000t\000e\000r\000a\000c\000i\000o\000n\000e\000s\000\040\000d\000e\000\040\000d\000i\000s\000e\000\361\000o\000\040\000d\000e\000\040\000l\000a\000\040\000e\000s\000t\000r\000u\000c\000t\000u\000r\000a}{section.73}% 45
\BOOKMARK [2][-]{subsection.90}{\376\377\000D\000i\000s\000e\000\361\000o\000\040\000d\000e\000\040\000c\000o\000m\000p\000o\000n\000e\000n\000t\000e\000s\000\040\000a\000u\000x\000i\000l\000i\000a\000r\000e\000s}{section.73}% 46
\BOOKMARK [2][-]{subsection.93}{\376\377\000M\000o\000d\000e\000l\000a\000d\000o\000\040\000C\000A\000D\000\040\000d\000e\000\040\000l\000a\000\040\000e\000s\000t\000r\000u\000c\000t\000u\000r\000a}{section.73}% 47
\BOOKMARK [1][-]{section.95}{\376\377\000D\000i\000s\000e\000\361\000o\000\040\000d\000e\000\040\000c\000i\000r\000c\000u\000i\000t\000o\000s}{chapter.72}% 48
\BOOKMARK [2][-]{subsection.96}{\376\377\000C\000a\000r\000a\000c\000t\000e\000r\000\355\000s\000t\000i\000c\000a\000s\000\040\000d\000e\000\040\000a\000l\000i\000m\000e\000n\000t\000a\000c\000i\000\363\000n\000\040\000d\000e\000\040\000p\000o\000t\000e\000n\000c\000i\000a}{section.95}% 49
\BOOKMARK [2][-]{subsection.101}{\376\377\000C\000o\000n\000f\000i\000g\000u\000r\000a\000c\000i\000\363\000n\000\040\000d\000e\000\040\000c\000o\000n\000e\000x\000i\000o\000n\000e\000s\000\040\000p\000a\000r\000a\000\040\000s\000e\000n\000s\000o\000r\000e\000s\000\040\000y\000\040\000a\000c\000t\000u\000a\000d\000o\000r\000e\000s}{section.95}% 50
\BOOKMARK [2][-]{subsection.109}{\376\377\000D\000e\000s\000a\000r\000r\000o\000l\000l\000o\000\040\000d\000e\000\040\000p\000l\000a\000c\000a\000\040\000P\000C\000B}{section.95}% 51
\BOOKMARK [1][-]{section.110}{\376\377\000C\000o\000n\000s\000t\000r\000u\000c\000c\000i\000\363\000n\000\040\000d\000e\000l\000\040\000s\000i\000s\000t\000e\000m\000a}{chapter.72}% 52
\BOOKMARK [2][-]{subsection.111}{\376\377\000I\000n\000t\000e\000g\000r\000a\000c\000i\000\363\000n\000\040\000d\000e\000\040\000s\000i\000s\000t\000e\000m\000a\000s}{section.110}% 53
\BOOKMARK [0][-]{chapter.116}{\376\377\000P\000r\000o\000g\000r\000a\000m\000a\000c\000i\000\363\000n\000\040\000d\000e\000l\000\040\000f\000i\000r\000m\000w\000a\000r\000e\000\040\000d\000e\000l\000\040\000s\000i\000s\000t\000e\000m\000a}{}% 54
\BOOKMARK [1][-]{section.117}{\376\377\000D\000e\000f\000i\000n\000i\000c\000i\000\363\000n\000\040\000d\000e\000\040\000p\000r\000o\000t\000o\000c\000o\000l\000o\000\040\000d\000e\000\040\000c\000o\000m\000u\000n\000i\000c\000a\000c\000i\000\363\000n\000\040\000i\000n\000a\000l\000\341\000m\000b\000r\000i\000c\000a}{chapter.116}% 55
\BOOKMARK [2][-]{subsection.118}{\376\377\000C\000o\000n\000e\000x\000i\000\363\000n\000\040\000i\000n\000a\000l\000\341\000m\000b\000r\000i\000c\000a\000\040\000m\000e\000d\000i\000a\000n\000t\000e\000\040\000W\000i\000F\000i}{section.117}% 56
\BOOKMARK [1][-]{section.120}{\376\377\000C\000o\000n\000f\000i\000g\000u\000r\000a\000c\000i\000\363\000n\000\040\000d\000e\000\040\000s\000e\000n\000s\000o\000r\000e\000s\000\040\000y\000\040\000a\000c\000c\000i\000o\000n\000a\000m\000i\000e\000n\000t\000o\000\040\000d\000e\000\040\000a\000c\000t\000u\000a\000d\000o\000r\000e\000s}{chapter.116}% 57
\BOOKMARK [0][-]{chapter.121}{\376\377\000D\000e\000s\000a\000r\000r\000o\000l\000l\000o\000\040\000d\000e\000\040\000a\000p\000l\000i\000c\000a\000c\000i\000\363\000n\000\040\000m\000\363\000v\000i\000l}{}% 58
\BOOKMARK [1][-]{section.122}{\376\377\000R\000e\000q\000u\000i\000s\000i\000t\000o\000s\000\040\000d\000e\000\040\000f\000u\000n\000c\000i\000o\000n\000a\000l\000i\000d\000a\000d}{chapter.121}% 59
\BOOKMARK [2][-]{subsection.123}{\376\377\000D\000i\000s\000e\000\361\000o\000\040\000d\000e\000\040\000i\000n\000t\000e\000r\000f\000a\000z\000\040\000g\000r\000\341\000f\000i\000c\000a}{section.122}% 60
\BOOKMARK [2][-]{subsection.125}{\376\377\000L\000e\000c\000t\000u\000r\000a\000\040\000d\000e\000\040\000d\000a\000t\000o\000s\000\040\000d\000e\000\040\000s\000e\000r\000v\000i\000d\000o\000r\000\040\000H\000T\000T\000P}{section.122}% 61
\BOOKMARK [2][-]{subsection.126}{\376\377\000N\000o\000t\000i\000f\000i\000c\000a\000c\000i\000o\000n\000e\000s}{section.122}% 62
\BOOKMARK [0][-]{chapter.127}{\376\377\000E\000v\000a\000l\000u\000a\000c\000i\000\363\000n\000\040\000d\000e\000l\000\040\000c\000r\000e\000c\000i\000m\000i\000e\000n\000t\000o\000\040\000d\000e\000l\000\040\000c\000i\000l\000a\000n\000t\000r\000o}{}% 63
\BOOKMARK [1][-]{section.128}{\376\377\000C\000u\000l\000t\000i\000v\000o\000\040\000d\000e\000l\000\040\000c\000i\000l\000a\000n\000t\000r\000o\000\040\000e\000n\000\040\000s\000u\000s\000t\000r\000a\000t\000o\000\040\000n\000u\000t\000r\000i\000t\000i\000v\000o}{chapter.127}% 64
\BOOKMARK [2][-]{subsection.129}{\376\377\000P\000e\000r\000\355\000o\000d\000o\000\040\000d\000e\000\040\000g\000e\000r\000m\000i\000n\000a\000c\000i\000\363\000n\000\040\000d\000e\000l\000\040\000c\000i\000l\000a\000n\000t\000r\000o}{section.128}% 65
\BOOKMARK [2][-]{subsection.132}{\376\377\000R\000e\000t\000o\000s\000\040\000e\000n\000\040\000e\000l\000\040\000d\000e\000s\000a\000r\000r\000o\000l\000l\000o\000\040\000d\000e\000\040\000r\000e\000t\000o\000\361\000o\000s}{section.128}% 66
\BOOKMARK [2][-]{subsection.133}{\376\377\000T\000r\000a\000n\000s\000p\000l\000a\000n\000t\000e\000\040\000d\000e\000\040\000r\000e\000t\000o\000\361\000o\000s\000\040\000a\000\040\000s\000u\000s\000t\000r\000a\000t\000o\000\040\000n\000u\000t\000r\000i\000t\000i\000v\000o\000\040\000d\000e\000\040\000c\000r\000e\000c\000i\000m\000i\000e\000n\000t\000o}{section.128}% 67
\BOOKMARK [1][-]{section.135}{\376\377\000C\000u\000l\000t\000i\000v\000o\000\040\000d\000e\000\040\000c\000i\000l\000a\000n\000t\000r\000o\000\040\000e\000n\000\040\000s\000i\000s\000t\000e\000m\000a\000\040\000h\000i\000d\000r\000o\000p\000\363\000n\000i\000c\000o}{chapter.127}% 68
\BOOKMARK [2][-]{subsection.136}{\376\377\000E\000l\000e\000m\000e\000n\000t\000o\000s\000\040\000d\000e\000\040\000s\000o\000p\000o\000r\000t\000e\000\040\000p\000a\000r\000a\000\040\000l\000a\000s\000\040\000p\000l\000a\000n\000t\000a\000s}{section.135}% 69
\BOOKMARK [1][-]{section.138}{\376\377\000R\000e\000t\000o\000s\000\040\000e\000n\000\040\000e\000l\000\040\000c\000u\000l\000t\000i\000v\000o\000\040\000d\000e\000l\000\040\000c\000i\000l\000a\000n\000t\000r\000o\000\040\000d\000u\000r\000a\000n\000t\000e\000\040\000p\000e\000r\000\355\000o\000d\000o\000s\000\040\000d\000e\000\040\000p\000r\000u\000e\000b\000a}{chapter.127}% 70
\BOOKMARK [1][-]{section.139}{\376\377\000C\000o\000m\000p\000a\000r\000a\000c\000i\000o\000n\000e\000s\000\040\000d\000e\000l\000\040\000c\000r\000e\000c\000i\000m\000i\000e\000n\000t\000o\000\040\000d\000e\000l\000\040\000c\000i\000l\000a\000n\000t\000r\000o}{chapter.127}% 71
\BOOKMARK [0][-]{chapter.140}{\376\377\000C\000o\000n\000c\000l\000u\000s\000i\000o\000n\000e\000s}{}% 72
\BOOKMARK [0][-]{chapter.141}{\376\377\000R\000e\000c\000o\000m\000e\000n\000d\000a\000c\000i\000o\000n\000e\000s}{}% 73
\BOOKMARK [0][-]{chapter.143}{\376\377\000B\000i\000b\000l\000i\000o\000g\000r\000a\000f\000\355\000a}{}% 74
\BOOKMARK [0][-]{chapter.144}{\376\377\000A\000n\000e\000x\000o\000s}{}% 75
\BOOKMARK [1][-]{section.145}{\376\377\000P\000l\000a\000n\000o\000s\000\040\000d\000e\000\040\000c\000o\000n\000s\000t\000r\000u\000c\000c\000i\000\363\000n}{chapter.144}% 76
